2020-10-26_22:58: ==================
2020-10-26_22:58: INICIA SERVIDOR
2020-10-26_22:58: ==================
2020-10-26_23:25: ==================
2020-10-26_23:25: INICIA SERVIDOR
2020-10-26_23:25: ==================
2020-10-26_23:26: InicioSeccion
2020-10-26_23:26: usuario1
2020-10-26_23:26: pass1
2020-10-26_23:26: 3
2020-10-26_23:26: 3
2020-10-26_23:26: 4
2020-10-26_23:26: ==================
2020-10-26_23:26: INICIA SERVIDOR
2020-10-26_23:26: ==================
2020-10-27_21:30: ==================
2020-10-27_21:30: INICIA SERVIDOR
2020-10-27_21:30: ==================
2020-10-27_21:30: InicioSeccion
2020-10-27_21:31: usaurio
2020-10-27_21:31: pss1
2020-10-27_21:31: No se pudo abrir el archivo
2020-10-27_21:31: Usuario o contrasena no encontrado
2020-10-27_21:31: usuario1
2020-10-27_21:31: pass1
2020-10-27_21:31: No se pudo abrir el archivo
2020-10-27_21:31: Usuario o contrasena no encontrado
2020-10-27_21:31: usuario1
2020-10-27_21:31: pass1
2020-10-27_21:31: No se pudo abrir el archivo
2020-10-27_21:31: Usuario o contrasena no encontrado
2020-10-27_21:31: ==================
2020-10-27_21:31: INICIA SERVIDOR
2020-10-27_21:31: ==================
2020-10-27_21:31: ==================
2020-10-27_21:31: INICIA SERVIDOR
2020-10-27_21:31: ==================
2020-10-27_21:31: ==================
2020-10-27_21:31: INICIA SERVIDOR
2020-10-27_21:31: ==================
2020-10-27_21:31: InicioSeccion
2020-10-27_21:31: usuario1
2020-10-27_21:31: pass1
2020-10-27_21:32: 1
2020-10-27_21:32: o
2020-10-27_21:32: 12
2020-10-27_21:32: 2
2020-10-27_21:32: 1
2020-10-27_21:32: No se pudo abrir el archivo servicios
2020-10-27_21:32: 1
2020-10-27_21:32: 1
2020-10-27_21:32: 1
2020-10-27_21:32: 1
2020-10-27_21:32: No se pudo abrir el archivo servicios
2020-10-27_21:32: 1
2020-10-27_21:32: 1
2020-10-27_21:32: 1
2020-10-27_21:32: 1
2020-10-27_21:32: 1
2020-10-27_21:32: No se pudo abrir el archivo servicios
2020-10-27_21:32: 1
2020-10-27_21:32: 1
2020-10-27_21:32: 1
2020-10-27_21:32: 1
2020-10-27_21:32: No se pudo abrir el archivo servicios
2020-10-27_21:32: 1
2020-10-27_21:32: 1
2020-10-27_21:32: 1
2020-10-27_21:32: 1
2020-10-27_21:32: 1
2020-10-27_21:32: No se pudo abrir el archivo servicios
2020-10-27_21:32: 1
2020-10-27_21:32: 1
2020-10-27_21:32: 1
2020-10-27_21:32: 1
2020-10-27_21:32: No se pudo abrir el archivo servicios
2020-10-27_21:32: 1
2020-10-27_21:32: 1
2020-10-27_21:32: 1
2020-10-27_21:32: 1
2020-10-27_21:32: 1
2020-10-27_21:32: No se pudo abrir el archivo servicios
2020-10-27_21:32: 1
2020-10-27_21:32: 1
2020-10-27_21:32: 1
2020-10-27_21:32: 1
2020-10-27_21:32: No se pudo abrir el archivo servicios
2020-10-27_21:32: 1
2020-10-27_21:32: 1
2020-10-27_21:32: 1
2020-10-27_21:32: 1
2020-10-27_21:32: 1
2020-10-27_21:32: No se pudo abrir el archivo servicios
2020-10-27_21:32: 1
2020-10-27_21:32: 1
2020-10-27_21:32: 1
2020-10-27_21:32: 1
2020-10-27_21:32: No se pudo abrir el archivo servicios
2020-10-27_21:32: 1
2020-10-27_21:32: 1
2020-10-27_21:32: 1
2020-10-27_21:32: 1
2020-10-27_21:32: 1
2020-10-27_21:32: No se pudo abrir el archivo servicios
2020-10-27_21:32: 1
2020-10-27_21:32: 1
2020-10-27_21:32: 1
2020-10-27_21:32: 1
2020-10-27_21:32: No se pudo abrir el archivo servicios
2020-10-27_21:32: 1
2020-10-27_21:32: 1
2020-10-27_21:32: 1
2020-10-27_21:32: 1
2020-10-27_21:32: 1
2020-10-27_21:32: No se pudo abrir el archivo servicios
2020-10-27_21:32: 1
2020-10-27_21:32: 1
2020-10-27_21:32: 1
2020-10-27_21:32: 1
2020-10-27_21:32: No se pudo abrir el archivo servicios
2020-10-27_21:32: 1
2020-10-27_21:32: 1
2020-10-27_21:32: 1
2020-10-27_21:32: 1
2020-10-27_21:32: 1
2020-10-27_21:32: No se pudo abrir el archivo servicios
2020-10-27_21:32: 1
2020-10-27_21:32: 1
2020-10-27_21:32: 1
2020-10-27_21:32: 1
2020-10-27_21:32: No se pudo abrir el archivo servicios
2020-10-27_21:32: 1
2020-10-27_21:32: 1
2020-10-27_21:32: 1
2020-10-27_21:32: 1
2020-10-27_21:32: 1
2020-10-27_21:32: No se pudo abrir el archivo servicios
2020-10-27_21:32: 1
2020-10-27_21:32: 1
2020-10-27_21:32: 1
2020-10-27_21:32: 1
2020-10-27_21:32: No se pudo abrir el archivo servicios
2020-10-27_21:32: 1
2020-10-27_21:32: 1
2020-10-27_21:32: 1
2020-10-27_21:32: 1
2020-10-27_21:32: 1
2020-10-27_21:32: No se pudo abrir el archivo servicios
2020-10-27_21:32: 1
2020-10-27_21:32: 1
2020-10-27_21:32: 1
2020-10-27_21:32: 1
2020-10-27_21:32: No se pudo abrir el archivo servicios
2020-10-27_21:32: 1
2020-10-27_21:32: 1
2020-10-27_21:32: 1
2020-10-27_21:32: 1
2020-10-27_21:32: 1
2020-10-27_21:32: No se pudo abrir el archivo servicios
2020-10-27_21:32: 1
2020-10-27_21:32: 1
2020-10-27_21:32: 1
2020-10-27_21:32: 1
2020-10-27_21:32: No se pudo abrir el archivo servicios
2020-10-27_21:32: 1
2020-10-27_21:32: 1
2020-10-27_21:32: 1
2020-10-27_21:32: 1
2020-10-27_21:32: 1
2020-10-27_21:32: No se pudo abrir el archivo servicios
2020-10-27_21:32: 1
2020-10-27_21:32: 1
2020-10-27_21:32: 1
2020-10-27_21:32: 1
2020-10-27_21:32: No se pudo abrir el archivo servicios
2020-10-27_21:32: 1
2020-10-27_21:32: 1
2020-10-27_21:32: 1
2020-10-27_21:32: 1
2020-10-27_21:32: 1
2020-10-27_21:32: No se pudo abrir el archivo servicios
2020-10-27_21:32: 1
2020-10-27_21:32: 1
2020-10-27_21:32: 1
2020-10-27_21:32: 1
2020-10-27_21:32: No se pudo abrir el archivo servicios
2020-10-27_21:32: 1
2020-10-27_21:32: 1
2020-10-27_21:32: 1
2020-10-27_21:32: 1
2020-10-27_21:32: 1
2020-10-27_21:32: No se pudo abrir el archivo servicios
2020-10-27_21:32: 1
2020-10-27_21:32: 1
2020-10-27_21:32: 1
2020-10-27_21:32: 1
2020-10-27_21:32: No se pudo abrir el archivo servicios
2020-10-27_21:32: 1
2020-10-27_21:32: 1
2020-10-27_21:32: 1
2020-10-27_21:32: 1
2020-10-27_21:32: 1
2020-10-27_21:32: No se pudo abrir el archivo servicios
2020-10-27_21:32: 1
2020-10-27_21:32: 1
2020-10-27_21:32: 1
2020-10-27_21:32: 1
2020-10-27_21:32: No se pudo abrir el archivo servicios
2020-10-27_21:32: 1
2020-10-27_21:32: 1
2020-10-27_21:32: 1
2020-10-27_21:32: 1
2020-10-27_21:32: 1
2020-10-27_21:32: No se pudo abrir el archivo servicios
2020-10-27_21:32: 1
2020-10-27_21:32: 1
2020-10-27_21:32: 1
2020-10-27_21:32: 1
2020-10-27_21:32: No se pudo abrir el archivo servicios
2020-10-27_21:32: 1
2020-10-27_21:32: 1
2020-10-27_21:32: 1
2020-10-27_21:32: 1
2020-10-27_21:32: 1
2020-10-27_21:32: No se pudo abrir el archivo servicios
2020-10-27_21:32: 1
2020-10-27_21:32: 1
2020-10-27_21:32: 1
2020-10-27_21:32: 1
2020-10-27_21:32: No se pudo abrir el archivo servicios
2020-10-27_21:32: 1
2020-10-27_21:32: 1
2020-10-27_21:32: 1
2020-10-27_21:32: 1
2020-10-27_21:32: 1
2020-10-27_21:32: No se pudo abrir el archivo servicios
2020-10-27_21:32: 1
2020-10-27_21:32: 1
2020-10-27_21:32: 1
2020-10-27_21:32: 1
2020-10-27_21:32: No se pudo abrir el archivo servicios
2020-10-27_21:32: 1
2020-10-27_21:32: 1
2020-10-27_21:32: 1
2020-10-27_21:32: 1
2020-10-27_21:32: 1
2020-10-27_21:32: No se pudo abrir el archivo servicios
2020-10-27_21:32: 1
2020-10-27_21:32: 1
2020-10-27_21:32: 1
2020-10-27_21:32: 1
2020-10-27_21:32: No se pudo abrir el archivo servicios
2020-10-27_21:32: 1
2020-10-27_21:32: 1
2020-10-27_21:32: 1
2020-10-27_21:32: 1
2020-10-27_21:32: 1
2020-10-27_21:32: No se pudo abrir el archivo servicios
2020-10-27_21:32: 1
2020-10-27_21:32: 1
2020-10-27_21:32: 1
2020-10-27_21:32: 1
2020-10-27_21:32: No se pudo abrir el archivo servicios
2020-10-27_21:32: 1
2020-10-27_21:32: 1
2020-10-27_21:32: 1
2020-10-27_21:32: 1
2020-10-27_21:32: 1
2020-10-27_21:32: No se pudo abrir el archivo servicios
2020-10-27_21:32: 1
2020-10-27_21:32: 1
2020-10-27_21:32: 1
2020-10-27_21:32: ==================
2020-10-27_21:32: INICIA SERVIDOR
2020-10-27_21:32: ==================
2020-10-27_21:32: 
2020-10-27_21:32: 
2020-10-27_21:32: 
2020-10-27_21:32: Usuario o contrasena no encontrado
2020-10-27_21:32: 
2020-10-27_21:32: 
2020-10-27_21:32: Usuario o contrasena no encontrado
2020-10-27_21:32: 
2020-10-27_21:32: 
2020-10-27_21:32: Usuario o contrasena no encontrado
2020-10-27_21:32: ==================
2020-10-27_21:32: INICIA SERVIDOR
2020-10-27_21:32: ==================
2020-10-27_21:33: ==================
2020-10-27_21:33: INICIA SERVIDOR
2020-10-27_21:33: ==================
2020-10-27_21:33: InicioSeccion
2020-10-27_21:33: 
2020-10-27_21:33: usuario1
2020-10-27_21:33: Usuario o contrasena no encontrado
2020-10-27_21:33: pass1
2020-10-27_21:33: usuario1
2020-10-27_21:33: Usuario o contrasena no encontrado
2020-10-27_21:33: pass1
2020-10-27_21:33: pass1
2020-10-27_21:33: Usuario o contrasena no encontrado
2020-10-27_21:33: ==================
2020-10-27_21:33: INICIA SERVIDOR
2020-10-27_21:33: ==================
2020-10-27_21:33: ==================
2020-10-27_21:33: INICIA SERVIDOR
2020-10-27_21:33: ==================
2020-10-27_21:33: InicioSeccion
2020-10-27_21:33: usuario1
2020-10-27_21:33: pass1
2020-10-27_21:33: 3
2020-10-27_21:33: 4
2020-10-27_21:33: ==================
2020-10-27_21:33: INICIA SERVIDOR
2020-10-27_21:33: ==================
2020-10-27_21:33: InicioSeccion
2020-10-27_21:33: usuario2
2020-10-27_21:33: pass2
2020-10-27_21:33: 2
2020-10-27_21:34: 2
2020-10-27_21:34: 2
2020-10-27_21:34: 2
2020-10-27_21:34: 2
2020-10-27_21:34: 2
2020-10-27_21:34: 2
2020-10-27_21:34: 2
2020-10-27_21:34: 2
2020-10-27_21:34: 2
2020-10-27_21:34: 2
2020-10-27_21:34: 2
2020-10-27_21:34: 2
2020-10-27_21:34: 2
2020-10-27_21:34: 2
2020-10-27_21:34: 2
2020-10-27_21:34: 2
2020-10-27_21:34: 2
2020-10-27_21:34: 2
2020-10-27_21:34: 2
2020-10-27_21:34: 2
2020-10-27_21:34: 2
2020-10-27_21:34: 2
2020-10-27_21:34: 2
2020-10-27_21:34: 2
2020-10-27_21:34: 2
2020-10-27_21:34: 2
2020-10-27_21:34: 2
2020-10-27_21:34: 2
2020-10-27_21:34: 2
2020-10-27_21:34: 2
2020-10-27_21:34: 2
2020-10-27_21:34: 2
2020-10-27_21:34: 2
2020-10-27_21:34: 2
2020-10-27_21:34: 2
2020-10-27_21:34: 2
2020-10-27_21:34: 2
2020-10-27_21:34: 2
2020-10-27_21:34: 2
2020-10-27_21:34: 2
2020-10-27_21:34: 2
2020-10-27_21:34: 2
2020-10-27_21:34: 2
2020-10-27_21:34: 2
2020-10-27_21:34: 2
2020-10-27_21:34: 2
2020-10-27_21:34: 2
2020-10-27_21:34: 2
2020-10-27_21:34: 2
2020-10-27_21:34: 2
2020-10-27_21:34: 2
2020-10-27_21:34: 2
2020-10-27_21:34: 2
2020-10-27_21:34: 2
2020-10-27_21:34: 2
2020-10-27_21:34: 2
2020-10-27_21:34: 2
2020-10-27_21:34: 2
2020-10-27_21:34: 2
2020-10-27_21:34: 2
2020-10-27_21:34: 2
2020-10-27_21:34: 2
2020-10-27_21:34: 2
2020-10-27_21:34: 2
2020-10-27_21:34: 2
2020-10-27_21:34: 2
2020-10-27_21:34: 2
2020-10-27_21:34: 2
2020-10-27_21:34: 2
2020-10-27_21:34: 2
2020-10-27_21:34: 2
2020-10-27_21:34: 2
2020-10-27_21:34: 2
2020-10-27_21:34: 2
2020-10-27_21:34: 2
2020-10-27_21:34: 2
2020-10-27_21:34: 2
2020-10-27_21:34: 2
2020-10-27_21:34: 2
2020-10-27_21:34: 2
2020-10-27_21:34: 2
2020-10-27_21:34: 2
2020-10-27_21:34: 2
2020-10-27_21:34: 2
2020-10-27_21:34: 2
2020-10-27_21:34: 2
2020-10-27_21:34: 2
2020-10-27_21:34: 2
2020-10-27_21:34: 2
2020-10-27_21:34: 2
2020-10-27_21:34: 2
2020-10-27_21:34: 2
2020-10-27_21:34: 2
2020-10-27_21:34: 2
2020-10-27_21:34: 2
2020-10-27_21:34: 2
2020-10-27_21:34: 2
2020-10-27_21:34: 2
2020-10-27_21:34: 2
2020-10-27_21:34: 2
2020-10-27_21:34: 2
2020-10-27_21:34: 2
2020-10-27_21:34: 2
2020-10-27_21:34: 2
2020-10-27_21:34: 2
2020-10-27_21:34: 2
2020-10-27_21:34: 2
2020-10-27_21:34: 2
2020-10-27_21:34: 2
2020-10-27_21:34: 2
2020-10-27_21:34: 2
2020-10-27_21:34: 2
2020-10-27_21:34: 2
2020-10-27_21:34: 2
2020-10-27_21:34: 2
2020-10-27_21:34: 2
2020-10-27_21:34: 2
2020-10-27_21:34: 2
2020-10-27_21:34: 2
2020-10-27_21:34: 2
2020-10-27_21:34: 2
2020-10-27_21:34: 2
2020-10-27_21:34: 2
2020-10-27_21:34: 2
2020-10-27_21:34: 2
2020-10-27_21:34: 2
2020-10-27_21:34: 2
2020-10-27_21:34: 2
2020-10-27_21:34: 2
2020-10-27_21:34: 2
2020-10-27_21:34: 2
2020-10-27_21:34: 2
2020-10-27_21:34: 2
2020-10-27_21:34: 2
2020-10-27_21:34: 2
2020-10-27_21:34: 2
2020-10-27_21:34: 2
2020-10-27_21:34: 2
2020-10-27_21:34: 2
2020-10-27_21:34: 2
2020-10-27_21:34: 2
2020-10-27_21:34: 2
2020-10-27_21:34: 2
2020-10-27_21:34: 2
2020-10-27_21:34: 2
2020-10-27_21:34: 2
2020-10-27_21:34: 2
2020-10-27_21:34: 2
2020-10-27_21:34: 2
2020-10-27_21:34: 2
2020-10-27_21:34: 2
2020-10-27_21:34: 2
2020-10-27_21:34: 2
2020-10-27_21:34: 2
2020-10-27_21:34: 2
2020-10-27_21:34: 2
2020-10-27_21:34: 2
2020-10-27_21:34: 2
2020-10-27_21:34: 2
2020-10-27_21:34: 2
2020-10-27_21:34: 2
2020-10-27_21:34: 2
2020-10-27_21:34: 2
2020-10-27_21:34: 2
2020-10-27_21:34: 2
2020-10-27_21:34: 2
2020-10-27_21:34: 2
2020-10-27_21:34: 2
2020-10-27_21:34: 2
2020-10-27_21:34: 2
2020-10-27_21:34: 2
2020-10-27_21:34: 2
2020-10-27_21:34: 2
2020-10-27_21:34: 2
2020-10-27_21:34: 2
2020-10-27_21:34: 2
2020-10-27_21:34: 2
2020-10-27_21:34: 2
2020-10-27_21:34: 2
2020-10-27_21:34: 2
2020-10-27_21:34: 2
2020-10-27_21:34: 2
2020-10-27_21:34: 2
2020-10-27_21:34: 2
2020-10-27_21:34: 2
2020-10-27_21:34: 2
2020-10-27_21:34: 2
2020-10-27_21:34: 2
2020-10-27_21:34: 2
2020-10-27_21:34: 2
2020-10-27_21:34: 2
2020-10-27_21:34: 2
2020-10-27_21:34: 2
2020-10-27_21:34: 2
2020-10-27_21:34: 2
2020-10-27_21:34: 2
2020-10-27_21:34: 2
2020-10-27_21:34: 2
2020-10-27_21:34: 2
2020-10-27_21:34: 2
2020-10-27_21:34: 2
2020-10-27_21:34: 2
2020-10-27_21:34: 2
2020-10-27_21:34: 2
2020-10-27_21:34: 2
2020-10-27_21:34: 2
2020-10-27_21:34: 2
2020-10-27_21:34: 2
2020-10-27_21:34: 2
2020-10-27_21:34: 2
2020-10-27_21:34: 2
2020-10-27_21:34: 2
2020-10-27_21:34: 2
2020-10-27_21:34: 2
2020-10-27_21:34: 2
2020-10-27_21:34: 2
2020-10-27_21:34: 2
2020-10-27_21:34: 2
2020-10-27_21:34: 2
2020-10-27_21:34: 2
2020-10-27_21:34: 2
2020-10-27_21:34: 2
2020-10-27_21:34: 2
2020-10-27_21:34: 2
2020-10-27_21:34: 2
2020-10-27_21:34: 2
2020-10-27_21:34: 2
2020-10-27_21:34: 2
2020-10-27_21:34: 2
2020-10-27_21:34: 2
2020-10-27_21:34: 2
2020-10-27_21:34: 2
2020-10-27_21:34: 2
2020-10-27_21:34: 2
2020-10-27_21:34: 2
2020-10-27_21:34: 2
2020-10-27_21:34: 2
2020-10-27_21:34: 2
2020-10-27_21:34: 2
2020-10-27_21:44: ==================
2020-10-27_21:44: INICIA SERVIDOR
2020-10-27_21:44: ==================
2020-10-27_21:44: InicioSeccion
2020-10-27_21:44: 
2020-10-27_21:44: 
2020-10-27_21:44: Usuario o contrasena no encontrado
2020-10-27_21:44: 
2020-10-27_21:44: 
2020-10-27_21:44: Usuario o contrasena no encontrado
2020-10-27_21:44: 
2020-10-27_21:44: 
2020-10-27_21:44: Usuario o contrasena no encontrado
2020-10-27_21:44: ==================
2020-10-27_21:44: INICIA SERVIDOR
2020-10-27_21:44: ==================
2020-10-27_21:45: ==================
2020-10-27_21:45: INICIA SERVIDOR
2020-10-27_21:45: ==================
2020-10-27_21:45: ==================
2020-10-27_21:45: INICIA SERVIDOR
2020-10-27_21:45: ==================
2020-10-27_21:45: InicioSeccion
2020-10-27_21:45: 
2020-10-27_21:45: usuario1
2020-10-27_21:45: Usuario o contrasena no encontrado
2020-10-27_21:45: pass1
2020-10-27_21:45: usuario1
2020-10-27_21:45: Usuario o contrasena no encontrado
2020-10-27_21:45: pass1
2020-10-27_21:45: ad
2020-10-27_21:45: Usuario o contrasena no encontrado
2020-10-27_21:45: ==================
2020-10-27_21:45: INICIA SERVIDOR
2020-10-27_21:45: ==================
2020-10-27_21:47: ==================
2020-10-27_21:47: INICIA SERVIDOR
2020-10-27_21:47: ==================
2020-10-27_21:47: InicioSeccion
2020-10-27_21:47: usuario1
2020-10-27_21:47: pass1
2020-10-27_21:47: pass1
2020-10-27_21:47: pass1
2020-10-27_21:47: pass1
2020-10-27_21:47: pass1
2020-10-27_21:47: pass1
2020-10-27_21:47: pass1
2020-10-27_21:47: pass1
2020-10-27_21:47: pass1
2020-10-27_21:47: pass1
2020-10-27_21:47: pass1
2020-10-27_21:47: pass1
2020-10-27_21:47: pass1
2020-10-27_21:47: pass1
2020-10-27_21:47: pass1
2020-10-27_21:47: pass1
2020-10-27_21:47: pass1
2020-10-27_21:47: pass1
2020-10-27_21:47: pass1
2020-10-27_21:47: pass1
2020-10-27_21:47: pass1
2020-10-27_21:47: pass1
2020-10-27_21:47: pass1
2020-10-27_21:47: pass1
2020-10-27_21:47: pass1
2020-10-27_21:47: pass1
2020-10-27_21:47: pass1
2020-10-27_21:47: pass1
2020-10-27_21:47: pass1
2020-10-27_21:47: pass1
2020-10-27_21:47: pass1
2020-10-27_21:47: pass1
2020-10-27_21:47: pass1
2020-10-27_21:47: pass1
2020-10-27_21:47: pass1
2020-10-27_21:47: pass1
2020-10-27_21:47: pass1
2020-10-27_21:47: pass1
2020-10-27_21:47: pass1
2020-10-27_21:47: pass1
2020-10-27_21:47: pass1
2020-10-27_21:47: pass1
2020-10-27_21:47: pass1
2020-10-27_21:47: pass1
2020-10-27_21:47: pass1
2020-10-27_21:47: pass1
2020-10-27_21:47: pass1
2020-10-27_21:47: pass1
2020-10-27_21:47: pass1
2020-10-27_21:47: pass1
2020-10-27_21:47: pass1
2020-10-27_21:47: pass1
2020-10-27_21:47: pass1
2020-10-27_21:47: pass1
2020-10-27_21:47: pass1
2020-10-27_21:47: pass1
2020-10-27_21:47: pass1
2020-10-27_21:47: pass1
2020-10-27_21:47: pass1
2020-10-27_21:47: pass1
2020-10-27_21:47: pass1
2020-10-27_21:47: pass1
2020-10-27_21:47: pass1
2020-10-27_21:47: pass1
2020-10-27_21:47: pass1
2020-10-27_21:47: pass1
2020-10-27_21:47: pass1
2020-10-27_21:47: pass1
2020-10-27_21:47: pass1
2020-10-27_21:47: pass1
2020-10-27_21:47: pass1
2020-10-27_21:47: pass1
2020-10-27_21:47: pass1
2020-10-27_21:47: pass1
2020-10-27_21:47: pass1
2020-10-27_21:47: pass1
2020-10-27_21:47: pass1
2020-10-27_21:47: pass1
2020-10-27_21:47: pass1
2020-10-27_21:47: pass1
2020-10-27_21:47: pass1
2020-10-27_21:47: pass1
2020-10-27_21:47: pass1
2020-10-27_21:47: pass1
2020-10-27_21:47: pass1
2020-10-27_21:47: pass1
2020-10-27_21:47: pass1
2020-10-27_21:47: pass1
2020-10-27_21:47: pass1
2020-10-27_21:47: pass1
2020-10-27_21:47: pass1
2020-10-27_21:47: pass1
2020-10-27_21:47: pass1
2020-10-27_21:47: pass1
2020-10-27_21:47: pass1
2020-10-27_21:47: pass1
2020-10-27_21:47: pass1
2020-10-27_21:47: pass1
2020-10-27_21:47: pass1
2020-10-27_21:47: pass1
2020-10-27_21:47: pass1
2020-10-27_21:47: pass1
2020-10-27_21:47: pass1
2020-10-27_21:47: pass1
2020-10-27_21:47: pass1
2020-10-27_21:47: pass1
2020-10-27_21:47: pass1
2020-10-27_21:47: pass1
2020-10-27_21:47: pass1
2020-10-27_21:47: pass1
2020-10-27_21:47: pass1
2020-10-27_21:47: pass1
2020-10-27_21:47: pass1
2020-10-27_21:47: pass1
2020-10-27_21:47: pass1
2020-10-27_21:47: pass1
2020-10-27_21:47: pass1
2020-10-27_21:47: pass1
2020-10-27_21:47: pass1
2020-10-27_21:47: pass1
2020-10-27_21:47: pass1
2020-10-27_21:47: pass1
2020-10-27_21:47: pass1
2020-10-27_21:47: pass1
2020-10-27_21:47: pass1
2020-10-27_21:47: pass1
2020-10-27_21:47: pass1
2020-10-27_21:47: pass1
2020-10-27_21:47: pass1
2020-10-27_21:47: pass1
2020-10-27_21:47: pass1
2020-10-27_21:47: pass1
2020-10-27_21:47: pass1
2020-10-27_21:47: pass1
2020-10-27_21:47: pass1
2020-10-27_21:47: pass1
2020-10-27_21:47: pass1
2020-10-27_21:47: pass1
2020-10-27_21:47: pass1
2020-10-27_21:47: pass1
2020-10-27_21:47: pass1
2020-10-27_21:47: pass1
2020-10-27_21:47: pass1
2020-10-27_21:47: pass1
2020-10-27_21:47: pass1
2020-10-27_21:47: pass1
2020-10-27_21:47: ==================
2020-10-27_21:47: INICIA SERVIDOR
2020-10-27_21:47: ==================
2020-10-27_21:47: InicioSeccion
2020-10-27_21:47: 
2020-10-27_21:47: usuario1
2020-10-27_21:47: Usuario o contrasena no encontrado
2020-10-27_21:47: pass2
2020-10-27_21:47: usuario1
2020-10-27_21:47: Usuario o contrasena no encontrado
2020-10-27_21:47: pass3
2020-10-27_21:47: pass3
2020-10-27_21:47: Usuario o contrasena no encontrado
2020-10-27_21:47: ==================
2020-10-27_21:47: INICIA SERVIDOR
2020-10-27_21:47: ==================
2020-10-27_21:58: ==================
2020-10-27_21:58: INICIA SERVIDOR
2020-10-27_21:58: ==================
2020-10-27_21:58: InicioSeccion
2020-10-27_21:58: 
2020-10-27_21:58: usuario1
2020-10-27_21:58: Usuario o contrasena no encontrado
2020-10-27_21:59: pass2
2020-10-27_21:59: usuario2
2020-10-27_21:59: Usuario o contrasena no encontrado
2020-10-27_21:59: pass3
2020-10-27_21:59: pass3
2020-10-27_21:59: Usuario o contrasena no encontrado
2020-10-27_21:59: ==================
2020-10-27_21:59: INICIA SERVIDOR
2020-10-27_21:59: ==================
2020-10-27_21:59: ==================
2020-10-27_21:59: INICIA SERVIDOR
2020-10-27_21:59: ==================
2020-10-27_21:59: InicioSeccion
2020-10-27_21:59: usua
2020-10-27_21:59: as
2020-10-27_21:59: Usuario o contrasena no encontrado
2020-10-27_21:59: usuario1
2020-10-27_21:59: pass4
2020-10-27_21:59: Usuario o contrasena no encontrado
2020-10-27_22:0: usuario1
2020-10-27_22:0: pass1
2020-10-27_22:0: 3
2020-10-27_22:0: 4
2020-10-27_22:0: ==================
2020-10-27_22:0: INICIA SERVIDOR
2020-10-27_22:0: ==================
2020-10-27_22:6: ==================
2020-10-27_22:6: INICIA SERVIDOR
2020-10-27_22:6: ==================
2020-10-27_22:6: InicioSeccion
2020-10-27_22:6: 
2020-10-27_22:6: usuario1
2020-10-27_22:6: Usuario o contrasena no encontrado
2020-10-27_22:7: usuario1
2020-10-27_22:7: pass3
2020-10-27_22:7: Usuario o contrasena no encontrado
2020-10-27_22:7: pass3
2020-10-27_22:7: pass3
2020-10-27_22:7: Usuario o contrasena no encontrado
2020-10-27_22:7: ==================
2020-10-27_22:7: INICIA SERVIDOR
2020-10-27_22:7: ==================
2020-10-27_22:7: ==================
2020-10-27_22:7: INICIA SERVIDOR
2020-10-27_22:7: ==================
2020-10-27_22:7: InicioSeccion
2020-10-27_22:7: usuario1
2020-10-27_22:7: pass4
2020-10-27_22:7: Usuario o contrasena no encontrado
2020-10-27_22:7: pass4
2020-10-27_22:7: pass4
2020-10-27_22:7: Usuario o contrasena no encontrado
2020-10-27_22:7: pass4
2020-10-27_22:7: pass4
2020-10-27_22:7: Usuario o contrasena no encontrado
2020-10-27_22:7: ==================
2020-10-27_22:7: INICIA SERVIDOR
2020-10-27_22:7: ==================
