2020-11-13_11:38: ==================
2020-11-13_11:38: INICIA SERVIDOR
2020-11-13_11:38: ==================
2020-11-13_11:38: InicioSeccion
2020-11-13_11:38: usuario1
2020-11-13_11:38: pass1
2020-11-13_11:38: 2
2020-11-13_11:38: 1
2020-11-13_11:38: BA
2020-11-13_11:38: ==================
2020-11-13_11:38: INICIA SERVIDOR
2020-11-13_11:38: ==================
2020-11-13_11:38: InicioSeccion
2020-11-13_11:38: usuario1
2020-11-13_11:38: pass1
2020-11-13_11:38: 1
2020-11-13_11:38: BA
2020-11-13_11:38: BA
2020-11-13_11:38: BA
2020-11-13_11:38: BA
2020-11-13_11:38: 2
2020-11-13_11:38: 1
2020-11-13_11:38: BA
2020-11-13_11:38: 1
2020-11-13_11:38: 1
2020-11-13_11:38: a
2020-11-13_11:38: 1
2020-11-13_11:38: 2
2020-11-13_11:38: a
2020-11-13_11:38: 1
2020-11-13_11:38: 1
2020-11-13_11:38: a
2020-11-13_11:38: 1
2020-11-13_11:38: 2
2020-11-13_11:38: a
2020-11-13_11:38: 2
2020-11-13_11:38: 2
2020-11-13_11:38: a
2020-11-13_11:38: 1
2020-11-13_11:39: ==================
2020-11-13_11:39: INICIA SERVIDOR
2020-11-13_11:39: ==================
2020-11-13_11:39: ==================
2020-11-13_11:39: INICIA SERVIDOR
2020-11-13_11:39: ==================
2020-11-13_11:39: InicioSeccion
2020-11-13_11:39: usuario1
2020-11-13_11:39: pass1
2020-11-13_11:39: 2
2020-11-13_11:39: 1
2020-11-13_11:39: BA
2020-11-13_11:39: 1
2020-11-13_11:39: 3
2020-11-13_11:39: 1
2020-11-13_11:39: BA
2020-11-13_11:39: 1
2020-11-13_11:39: 4
2020-11-13_11:39: 3
2020-11-13_11:39: 8
2020-11-13_11:39: 4
2020-11-13_11:39: ==================
2020-11-13_11:39: INICIA SERVIDOR
2020-11-13_11:39: ==================
2020-11-13_11:46: ==================
2020-11-13_11:46: INICIA SERVIDOR
2020-11-13_11:46: ==================
2020-11-13_11:46: InicioSeccion
2020-11-13_11:46: usuario1
2020-11-13_11:46: pass1
2020-11-13_11:46: 2
2020-11-13_11:46: 1
2020-11-13_11:46: BA
2020-11-13_11:46: 1
2020-11-13_11:47: 3
2020-11-13_11:47: 8
2020-11-13_11:47: 3
2020-11-13_11:47: 4
2020-11-13_11:47: ==================
2020-11-13_11:47: INICIA SERVIDOR
2020-11-13_11:47: ==================
