2020-10-26_22:23: Pulso la Opcion 3
2020-10-28_22:2: ==================
2020-10-28_22:2: INICIO SESION
2020-10-28_22:2: ==================
2020-10-28_22:3: Cierra Sesion
2020-10-28_22:9: ==================
2020-10-28_22:9: INICIO SESION
2020-10-28_22:9: ==================
2020-10-28_22:9: Pulso la Opcion 3
2020-10-28_22:9: Cierra Sesion
2020-10-28_22:16: ==================
2020-10-28_22:16: INICIO SESION
2020-10-28_22:16: ==================
2020-10-28_22:16: Pulso la Opcion 3
2020-10-28_22:16: Cierra Sesion
2020-10-28_22:25: ==================
2020-10-28_22:25: INICIO SESION
2020-10-28_22:25: ==================
2020-10-28_22:39: ==================
2020-10-28_22:39: INICIO SESION
2020-10-28_22:39: ==================
2020-10-29_13:59: ==================
2020-10-29_13:59: INICIO SESION
2020-10-29_13:59: ==================
2020-10-29_14:0: Pulso la Opcion 3
2020-10-29_14:0: Cierra Sesion
2020-10-29_15:4: ==================
2020-10-29_15:4: INICIO SESION
2020-10-29_15:4: ==================
2020-10-29_15:5: Pulso la Opcion 3
2020-10-29_15:5: Cierra Sesion
2020-10-29_21:45: ==================
2020-10-29_21:45: INICIO SESION
2020-10-29_21:45: ==================
2020-10-29_21:52: ==================
2020-10-29_21:52: INICIO SESION
2020-10-29_21:52: ==================
2020-10-29_22:9: ==================
2020-10-29_22:9: INICIO SESION
2020-10-29_22:9: ==================
2020-10-29_22:9: Pulso la Opcion 3
2020-10-29_22:9: Pulso la Opcion 3
2020-10-29_22:9: Pulso la Opcion 3
2020-10-29_22:9: Pulso la Opcion 3
2020-10-29_22:9: Pulso la Opcion 3
2020-10-29_22:9: Pulso la Opcion 3
2020-10-29_22:9: Pulso la Opcion 3
2020-10-29_22:9: Pulso la Opcion 3
2020-10-29_22:9: Pulso la Opcion 3
2020-10-29_22:9: Pulso la Opcion 3
2020-10-29_22:9: Pulso la Opcion 3
2020-10-29_22:9: Pulso la Opcion 3
2020-10-29_22:9: Pulso la Opcion 3
2020-10-29_22:9: Pulso la Opcion 3
2020-10-29_22:9: Pulso la Opcion 3
2020-10-29_22:9: Pulso la Opcion 3
2020-10-29_22:9: Pulso la Opcion 3
2020-10-29_22:9: Pulso la Opcion 3
2020-10-29_22:9: Pulso la Opcion 3
2020-10-29_22:9: Pulso la Opcion 3
2020-10-29_22:9: Pulso la Opcion 3
2020-10-29_22:9: Pulso la Opcion 3
2020-10-29_22:9: Pulso la Opcion 3
2020-10-29_22:9: Pulso la Opcion 3
2020-10-29_22:9: Pulso la Opcion 3
2020-10-29_22:9: Pulso la Opcion 3
2020-10-29_22:9: Pulso la Opcion 3
2020-10-29_22:9: Pulso la Opcion 3
2020-10-29_22:9: Pulso la Opcion 3
2020-10-29_22:9: Pulso la Opcion 3
2020-10-29_22:9: Pulso la Opcion 3
2020-10-29_22:9: Pulso la Opcion 3
2020-10-29_22:9: Pulso la Opcion 3
2020-10-29_22:9: Pulso la Opcion 3
2020-10-29_22:9: Pulso la Opcion 3
2020-10-29_22:9: Pulso la Opcion 3
2020-10-29_22:9: Pulso la Opcion 3
2020-10-29_22:9: Pulso la Opcion 3
2020-10-29_22:9: Pulso la Opcion 3
2020-10-29_22:9: Pulso la Opcion 3
2020-10-29_22:9: Pulso la Opcion 3
2020-10-29_22:9: Pulso la Opcion 3
2020-10-29_22:9: Pulso la Opcion 3
2020-10-29_22:9: Pulso la Opcion 3
2020-10-29_22:9: Pulso la Opcion 3
2020-10-29_22:9: Pulso la Opcion 3
2020-10-29_22:9: Pulso la Opcion 3
2020-10-29_22:9: Pulso la Opcion 3
2020-10-29_22:9: Pulso la Opcion 3
2020-10-29_22:9: Pulso la Opcion 3
2020-10-29_22:9: Pulso la Opcion 3
2020-10-29_22:9: Pulso la Opcion 3
2020-10-29_22:9: Pulso la Opcion 3
2020-10-29_22:9: Pulso la Opcion 3
2020-10-29_22:9: Pulso la Opcion 3
2020-10-29_22:9: Pulso la Opcion 3
2020-10-29_22:9: Pulso la Opcion 3
2020-10-29_22:9: Pulso la Opcion 3
2020-10-29_22:9: Pulso la Opcion 3
2020-10-29_22:9: Pulso la Opcion 3
2020-10-29_22:9: Pulso la Opcion 3
2020-10-29_22:9: Pulso la Opcion 3
2020-10-29_22:9: Pulso la Opcion 3
2020-10-29_22:9: Pulso la Opcion 3
2020-10-29_22:9: Pulso la Opcion 3
2020-10-29_22:9: Pulso la Opcion 3
2020-10-29_22:9: Pulso la Opcion 3
2020-10-29_22:9: Pulso la Opcion 3
2020-10-29_22:9: Pulso la Opcion 3
2020-10-29_22:9: Pulso la Opcion 3
2020-10-29_22:9: Pulso la Opcion 3
2020-10-29_22:9: Pulso la Opcion 3
2020-10-29_22:9: Pulso la Opcion 3
2020-10-29_22:9: Pulso la Opcion 3
2020-10-29_22:9: Pulso la Opcion 3
2020-10-29_22:9: Pulso la Opcion 3
2020-10-29_22:9: Pulso la Opcion 3
2020-10-29_22:9: Pulso la Opcion 3
2020-10-29_22:9: Pulso la Opcion 3
2020-10-29_22:9: Pulso la Opcion 3
2020-10-29_22:9: Pulso la Opcion 3
2020-10-29_22:9: Pulso la Opcion 3
2020-10-29_22:9: Pulso la Opcion 3
2020-10-29_22:9: Pulso la Opcion 3
2020-10-29_22:9: Pulso la Opcion 3
2020-10-29_22:9: Pulso la Opcion 3
2020-10-29_22:9: Pulso la Opcion 3
2020-10-29_22:9: Pulso la Opcion 3
2020-10-29_22:9: Pulso la Opcion 3
2020-10-29_22:9: Pulso la Opcion 3
2020-10-29_22:9: Pulso la Opcion 3
2020-10-29_22:9: Pulso la Opcion 3
2020-10-29_22:9: Pulso la Opcion 3
2020-10-29_22:9: Pulso la Opcion 3
2020-10-29_22:9: Pulso la Opcion 3
2020-10-29_22:9: Pulso la Opcion 3
2020-10-29_22:9: Pulso la Opcion 3
2020-10-29_22:9: Pulso la Opcion 3
2020-10-29_22:9: Pulso la Opcion 3
2020-10-29_22:9: Pulso la Opcion 3
2020-10-29_22:9: Pulso la Opcion 3
2020-10-29_22:9: Pulso la Opcion 3
2020-10-29_22:9: Pulso la Opcion 3
2020-10-29_22:9: Pulso la Opcion 3
2020-10-29_22:9: Pulso la Opcion 3
2020-10-29_22:9: Pulso la Opcion 3
2020-10-29_22:9: Pulso la Opcion 3
2020-10-29_22:9: Pulso la Opcion 3
2020-10-29_22:9: Pulso la Opcion 3
2020-10-29_22:9: Pulso la Opcion 3
2020-10-29_22:9: Pulso la Opcion 3
2020-10-29_22:9: Pulso la Opcion 3
2020-10-29_22:9: Pulso la Opcion 3
2020-10-29_22:9: Pulso la Opcion 3
2020-10-29_22:9: Pulso la Opcion 3
2020-10-29_22:9: Pulso la Opcion 3
2020-10-29_22:9: Pulso la Opcion 3
2020-10-29_22:9: Pulso la Opcion 3
2020-10-29_22:9: Pulso la Opcion 3
2020-10-29_22:9: Pulso la Opcion 3
2020-10-29_22:9: Pulso la Opcion 3
2020-10-29_22:9: Pulso la Opcion 3
2020-10-29_22:9: Pulso la Opcion 3
2020-10-29_22:9: Pulso la Opcion 3
2020-10-29_22:9: Pulso la Opcion 3
2020-10-29_22:9: Pulso la Opcion 3
2020-10-29_22:9: Pulso la Opcion 3
2020-10-29_22:9: Pulso la Opcion 3
2020-10-29_22:9: Pulso la Opcion 3
2020-10-29_22:9: Pulso la Opcion 3
2020-10-29_22:9: Pulso la Opcion 3
2020-10-29_22:9: Pulso la Opcion 3
2020-10-29_22:9: Pulso la Opcion 3
2020-10-29_22:9: Pulso la Opcion 3
2020-10-29_22:9: Pulso la Opcion 3
2020-10-29_22:9: Pulso la Opcion 3
2020-10-29_22:9: Pulso la Opcion 3
2020-10-29_22:9: Pulso la Opcion 3
2020-10-29_22:9: Pulso la Opcion 3
2020-10-29_22:9: Pulso la Opcion 3
2020-10-29_22:9: Pulso la Opcion 3
2020-10-29_22:9: Pulso la Opcion 3
2020-10-29_22:9: Pulso la Opcion 3
2020-10-29_22:9: Pulso la Opcion 3
2020-10-29_22:9: Pulso la Opcion 3
2020-10-29_22:9: Pulso la Opcion 3
2020-10-29_22:9: Pulso la Opcion 3
2020-10-29_22:9: Pulso la Opcion 3
2020-10-29_22:9: Pulso la Opcion 3
2020-10-29_22:9: Pulso la Opcion 3
2020-10-29_22:9: Pulso la Opcion 3
2020-10-29_22:9: Pulso la Opcion 3
2020-10-29_22:9: Pulso la Opcion 3
2020-10-29_22:9: Pulso la Opcion 3
2020-10-29_22:9: Pulso la Opcion 3
2020-10-29_22:9: Pulso la Opcion 3
2020-10-29_22:9: Pulso la Opcion 3
2020-10-29_22:9: Pulso la Opcion 3
2020-10-29_22:9: Pulso la Opcion 3
2020-10-29_22:9: Pulso la Opcion 3
2020-10-29_22:9: Pulso la Opcion 3
2020-10-29_22:9: Pulso la Opcion 3
2020-10-29_22:9: Pulso la Opcion 3
2020-10-29_22:9: Pulso la Opcion 3
2020-10-29_22:9: Pulso la Opcion 3
2020-10-29_22:9: Pulso la Opcion 3
2020-10-29_22:9: Pulso la Opcion 3
2020-10-29_22:9: Pulso la Opcion 3
2020-10-29_22:9: Pulso la Opcion 3
2020-10-29_22:9: Pulso la Opcion 3
2020-10-29_22:9: Pulso la Opcion 3
2020-10-29_22:9: Pulso la Opcion 3
2020-10-29_22:9: Pulso la Opcion 3
2020-10-29_22:9: Pulso la Opcion 3
2020-10-29_22:9: Pulso la Opcion 3
2020-10-29_22:9: Pulso la Opcion 3
2020-10-29_22:9: Pulso la Opcion 3
2020-10-29_22:9: Pulso la Opcion 3
2020-10-29_22:9: Pulso la Opcion 3
2020-10-29_22:9: Pulso la Opcion 3
2020-10-29_22:9: Pulso la Opcion 3
2020-10-29_22:9: Pulso la Opcion 3
2020-10-29_22:9: Pulso la Opcion 3
2020-10-29_22:9: Pulso la Opcion 3
2020-10-29_22:9: Pulso la Opcion 3
2020-10-29_22:9: Pulso la Opcion 3
2020-10-29_22:9: Pulso la Opcion 3
2020-10-29_22:9: Pulso la Opcion 3
2020-10-29_22:9: Pulso la Opcion 3
2020-10-29_22:9: Pulso la Opcion 3
2020-10-29_22:9: Pulso la Opcion 3
2020-10-29_22:9: Pulso la Opcion 3
2020-10-29_22:9: Pulso la Opcion 3
2020-10-29_22:9: Pulso la Opcion 3
2020-10-29_22:9: Pulso la Opcion 3
2020-10-29_22:9: Pulso la Opcion 3
2020-10-29_22:9: Pulso la Opcion 3
2020-10-29_22:9: Pulso la Opcion 3
2020-10-29_22:9: Pulso la Opcion 3
2020-10-29_22:9: Pulso la Opcion 3
2020-10-29_22:9: Pulso la Opcion 3
2020-10-29_22:9: Pulso la Opcion 3
2020-10-29_22:9: Pulso la Opcion 3
2020-10-29_22:9: Pulso la Opcion 3
2020-10-29_22:9: Pulso la Opcion 3
2020-10-29_22:9: Pulso la Opcion 3
2020-10-29_22:9: Pulso la Opcion 3
2020-10-29_22:9: Pulso la Opcion 3
2020-10-29_22:9: Pulso la Opcion 3
2020-10-29_22:9: Pulso la Opcion 3
2020-10-29_22:9: Pulso la Opcion 3
2020-10-29_22:9: Pulso la Opcion 3
2020-10-29_22:9: Pulso la Opcion 3
2020-10-29_22:9: Pulso la Opcion 3
2020-10-29_22:9: Pulso la Opcion 3
2020-10-29_22:9: Pulso la Opcion 3
2020-10-29_22:9: Pulso la Opcion 3
2020-10-29_22:9: Pulso la Opcion 3
2020-10-29_22:9: Pulso la Opcion 3
2020-10-29_22:9: Pulso la Opcion 3
2020-10-29_22:9: Pulso la Opcion 3
2020-10-29_22:9: Pulso la Opcion 3
2020-10-29_22:9: Pulso la Opcion 3
2020-10-29_22:9: Pulso la Opcion 3
2020-10-29_22:9: Pulso la Opcion 3
2020-10-29_22:9: Pulso la Opcion 3
2020-10-29_22:9: Pulso la Opcion 3
2020-10-29_22:9: Pulso la Opcion 3
2020-10-29_22:9: Pulso la Opcion 3
2020-10-29_22:9: Pulso la Opcion 3
2020-10-29_22:9: Pulso la Opcion 3
2020-10-29_22:9: Pulso la Opcion 3
2020-10-29_22:9: Pulso la Opcion 3
2020-10-29_22:9: Pulso la Opcion 3
2020-10-29_22:9: Pulso la Opcion 3
2020-10-29_22:9: Pulso la Opcion 3
2020-10-29_22:9: Pulso la Opcion 3
2020-10-29_22:9: Pulso la Opcion 3
2020-10-29_22:9: Pulso la Opcion 3
2020-10-29_22:9: Pulso la Opcion 3
2020-10-29_22:9: Pulso la Opcion 3
2020-10-29_22:9: Pulso la Opcion 3
2020-10-29_22:9: Pulso la Opcion 3
2020-10-29_22:9: Pulso la Opcion 3
2020-10-29_22:9: Pulso la Opcion 3
2020-10-29_22:9: Pulso la Opcion 3
2020-10-29_22:9: Pulso la Opcion 3
2020-10-29_22:9: Pulso la Opcion 3
2020-10-29_22:9: Pulso la Opcion 3
2020-10-29_22:9: Pulso la Opcion 3
2020-10-29_22:9: Pulso la Opcion 3
2020-10-29_22:9: Pulso la Opcion 3
2020-10-29_22:9: Pulso la Opcion 3
2020-10-29_22:9: Pulso la Opcion 3
2020-10-29_22:9: Pulso la Opcion 3
2020-10-29_22:9: Pulso la Opcion 3
2020-10-29_22:9: Pulso la Opcion 3
2020-10-29_22:9: Pulso la Opcion 3
2020-10-29_22:9: Pulso la Opcion 3
2020-10-29_22:9: Pulso la Opcion 3
2020-10-29_22:9: Pulso la Opcion 3
2020-10-29_22:9: Pulso la Opcion 3
2020-10-29_22:9: Pulso la Opcion 3
2020-10-29_22:9: Pulso la Opcion 3
2020-10-29_22:9: Pulso la Opcion 3
2020-10-29_22:9: Pulso la Opcion 3
2020-10-29_22:9: Pulso la Opcion 3
2020-10-29_22:9: Pulso la Opcion 3
2020-10-29_22:9: Pulso la Opcion 3
2020-10-29_22:9: Pulso la Opcion 3
2020-10-29_22:9: Pulso la Opcion 3
2020-10-29_22:9: Pulso la Opcion 3
2020-10-29_22:9: Pulso la Opcion 3
2020-10-29_22:9: Pulso la Opcion 3
2020-10-29_22:9: Pulso la Opcion 3
2020-10-29_22:9: Pulso la Opcion 3
2020-10-29_22:9: Pulso la Opcion 3
2020-10-29_22:9: Pulso la Opcion 3
2020-10-29_22:9: Pulso la Opcion 3
2020-10-29_22:9: Pulso la Opcion 3
2020-10-29_22:9: Pulso la Opcion 3
2020-10-29_22:9: Pulso la Opcion 3
2020-10-29_22:9: Pulso la Opcion 3
2020-10-29_22:9: Pulso la Opcion 3
2020-10-29_22:9: Pulso la Opcion 3
2020-10-29_22:9: Pulso la Opcion 3
2020-10-29_22:9: Pulso la Opcion 3
2020-10-29_22:9: Pulso la Opcion 3
2020-10-29_22:9: Pulso la Opcion 3
2020-10-29_22:9: Pulso la Opcion 3
2020-10-29_22:9: Pulso la Opcion 3
2020-10-29_22:9: Pulso la Opcion 3
2020-10-29_22:9: Pulso la Opcion 3
2020-10-29_22:9: Pulso la Opcion 3
2020-10-29_22:9: Pulso la Opcion 3
2020-10-29_22:9: Pulso la Opcion 3
2020-10-29_22:9: Pulso la Opcion 3
2020-10-29_22:9: Pulso la Opcion 3
2020-10-29_22:9: Pulso la Opcion 3
2020-10-29_22:9: Pulso la Opcion 3
2020-10-29_22:9: Pulso la Opcion 3
2020-10-29_22:9: Pulso la Opcion 3
2020-10-29_22:9: Pulso la Opcion 3
2020-10-29_22:9: Pulso la Opcion 3
2020-10-29_22:9: Pulso la Opcion 3
2020-10-29_22:9: Pulso la Opcion 3
2020-10-29_22:9: Pulso la Opcion 3
2020-10-29_22:9: Pulso la Opcion 3
2020-10-29_22:9: Pulso la Opcion 3
2020-10-29_22:9: Pulso la Opcion 3
2020-10-29_22:9: Pulso la Opcion 3
2020-10-29_22:9: Pulso la Opcion 3
2020-10-29_22:9: Pulso la Opcion 3
2020-10-29_22:9: Pulso la Opcion 3
2020-10-29_22:9: Pulso la Opcion 3
2020-10-29_22:9: Pulso la Opcion 3
2020-10-29_22:9: Pulso la Opcion 3
2020-10-29_22:9: Pulso la Opcion 3
2020-10-29_22:9: Pulso la Opcion 3
2020-10-29_22:9: Pulso la Opcion 3
2020-10-29_22:9: Pulso la Opcion 3
2020-10-29_22:9: Pulso la Opcion 3
2020-10-29_22:9: Pulso la Opcion 3
2020-10-29_22:9: Pulso la Opcion 3
2020-10-29_22:9: Pulso la Opcion 3
2020-10-29_22:9: Pulso la Opcion 3
2020-10-29_22:9: Pulso la Opcion 3
2020-10-29_22:9: Pulso la Opcion 3
2020-10-29_22:9: Pulso la Opcion 3
2020-10-29_22:9: Pulso la Opcion 3
2020-10-29_22:9: Pulso la Opcion 3
2020-10-29_22:9: Pulso la Opcion 3
2020-10-29_22:9: Pulso la Opcion 3
2020-10-29_22:9: Pulso la Opcion 3
2020-10-29_22:9: Pulso la Opcion 3
2020-10-29_22:9: Pulso la Opcion 3
2020-10-29_22:9: Pulso la Opcion 3
2020-10-29_22:9: Pulso la Opcion 3
2020-10-29_22:9: Pulso la Opcion 3
2020-10-29_22:9: Pulso la Opcion 3
2020-10-29_22:9: Pulso la Opcion 3
2020-10-29_22:9: Pulso la Opcion 3
2020-10-29_22:9: Pulso la Opcion 3
2020-10-29_22:9: Pulso la Opcion 3
2020-10-29_22:9: Pulso la Opcion 3
2020-10-29_22:9: Pulso la Opcion 3
2020-10-29_22:9: Pulso la Opcion 3
2020-10-29_22:9: Pulso la Opcion 3
2020-10-29_22:9: Pulso la Opcion 3
2020-10-29_22:9: Pulso la Opcion 3
2020-10-29_22:9: Pulso la Opcion 3
2020-10-29_22:9: Pulso la Opcion 3
2020-10-29_22:9: Pulso la Opcion 3
2020-10-29_22:9: Pulso la Opcion 3
2020-10-29_22:9: Pulso la Opcion 3
2020-10-29_22:9: Pulso la Opcion 3
2020-10-29_22:9: Pulso la Opcion 3
2020-10-29_22:9: Pulso la Opcion 3
2020-10-29_22:9: Pulso la Opcion 3
2020-10-29_22:9: Pulso la Opcion 3
2020-10-29_22:9: Pulso la Opcion 3
2020-10-29_22:9: Pulso la Opcion 3
2020-10-29_22:9: Pulso la Opcion 3
2020-10-29_22:9: Pulso la Opcion 3
2020-10-29_22:9: Pulso la Opcion 3
2020-10-29_22:9: Pulso la Opcion 3
2020-10-29_22:9: Pulso la Opcion 3
2020-10-29_22:9: Pulso la Opcion 3
2020-10-29_22:9: Pulso la Opcion 3
2020-10-29_22:9: Pulso la Opcion 3
2020-10-29_22:9: Pulso la Opcion 3
2020-10-29_22:9: Pulso la Opcion 3
2020-10-29_22:9: Pulso la Opcion 3
2020-10-29_22:9: Pulso la Opcion 3
2020-10-29_22:9: Pulso la Opcion 3
2020-10-29_22:9: Pulso la Opcion 3
2020-10-29_22:9: Pulso la Opcion 3
2020-10-29_22:9: Pulso la Opcion 3
2020-10-29_22:9: Pulso la Opcion 3
2020-10-29_22:9: Pulso la Opcion 3
2020-10-29_22:9: Pulso la Opcion 3
2020-10-29_22:9: Pulso la Opcion 3
2020-10-29_22:9: Pulso la Opcion 3
2020-10-29_22:9: Pulso la Opcion 3
2020-10-29_22:9: Pulso la Opcion 3
2020-10-29_22:9: Pulso la Opcion 3
2020-10-29_22:9: Pulso la Opcion 3
2020-10-29_22:9: Pulso la Opcion 3
2020-10-29_22:9: Pulso la Opcion 3
2020-10-29_22:9: Pulso la Opcion 3
2020-10-29_22:9: Pulso la Opcion 3
2020-10-29_22:9: Pulso la Opcion 3
2020-10-29_22:9: Pulso la Opcion 3
2020-10-29_22:9: Pulso la Opcion 3
2020-10-29_22:9: Pulso la Opcion 3
2020-10-29_22:9: Pulso la Opcion 3
2020-10-29_22:9: Pulso la Opcion 3
2020-10-29_22:9: Pulso la Opcion 3
2020-10-29_22:9: Pulso la Opcion 3
2020-10-29_22:9: Pulso la Opcion 3
2020-10-29_22:9: Pulso la Opcion 3
2020-10-29_22:9: Pulso la Opcion 3
2020-10-29_22:9: Pulso la Opcion 3
2020-10-29_22:9: Pulso la Opcion 3
2020-10-29_22:9: Pulso la Opcion 3
2020-10-29_22:9: Pulso la Opcion 3
2020-10-29_22:9: Pulso la Opcion 3
2020-10-29_22:9: Pulso la Opcion 3
2020-10-29_22:9: Pulso la Opcion 3
2020-10-29_22:9: Pulso la Opcion 3
2020-10-29_22:9: Pulso la Opcion 3
2020-10-29_22:9: Pulso la Opcion 3
2020-10-29_22:9: Pulso la Opcion 3
2020-10-29_22:9: Pulso la Opcion 3
2020-10-29_22:9: Pulso la Opcion 3
2020-10-29_22:9: Pulso la Opcion 3
2020-10-29_22:9: Pulso la Opcion 3
2020-10-29_22:9: Pulso la Opcion 3
2020-10-29_22:9: Pulso la Opcion 3
2020-10-29_22:9: Pulso la Opcion 3
2020-10-29_22:9: Pulso la Opcion 3
2020-10-29_22:9: Pulso la Opcion 3
2020-10-29_22:9: Pulso la Opcion 3
2020-10-29_22:9: Pulso la Opcion 3
2020-10-29_22:9: Pulso la Opcion 3
2020-10-29_22:9: Pulso la Opcion 3
2020-10-29_22:9: Pulso la Opcion 3
2020-10-29_22:9: Pulso la Opcion 3
2020-10-29_22:9: Pulso la Opcion 3
2020-10-29_22:9: Pulso la Opcion 3
2020-10-29_22:9: Pulso la Opcion 3
2020-10-29_22:9: Pulso la Opcion 3
2020-10-29_22:9: Pulso la Opcion 3
2020-10-29_22:9: Pulso la Opcion 3
2020-10-29_22:9: Pulso la Opcion 3
2020-10-29_22:9: Pulso la Opcion 3
2020-10-29_22:9: Pulso la Opcion 3
2020-10-29_22:9: Pulso la Opcion 3
2020-10-29_22:9: Pulso la Opcion 3
2020-10-29_22:9: Pulso la Opcion 3
2020-10-29_22:9: Pulso la Opcion 3
2020-10-29_22:9: Pulso la Opcion 3
2020-10-29_22:9: Pulso la Opcion 3
2020-10-29_22:9: Pulso la Opcion 3
2020-10-29_22:9: Pulso la Opcion 3
2020-10-29_22:9: Pulso la Opcion 3
2020-10-29_22:9: Pulso la Opcion 3
2020-10-29_22:9: Pulso la Opcion 3
2020-10-29_22:9: Pulso la Opcion 3
2020-10-29_22:9: Pulso la Opcion 3
2020-10-29_22:9: Pulso la Opcion 3
2020-10-29_22:9: Pulso la Opcion 3
2020-10-29_22:9: Pulso la Opcion 3
2020-10-29_22:9: Pulso la Opcion 3
2020-10-29_22:9: Pulso la Opcion 3
2020-10-29_22:9: Pulso la Opcion 3
2020-10-29_22:9: Pulso la Opcion 3
2020-10-29_22:9: Pulso la Opcion 3
2020-10-29_22:9: Pulso la Opcion 3
2020-10-29_22:9: Pulso la Opcion 3
2020-10-29_22:9: Pulso la Opcion 3
2020-10-29_22:9: Pulso la Opcion 3
2020-10-29_22:9: Pulso la Opcion 3
2020-10-29_22:9: Pulso la Opcion 3
2020-10-29_22:9: Pulso la Opcion 3
2020-10-29_22:9: Pulso la Opcion 3
2020-10-29_22:9: Pulso la Opcion 3
2020-10-29_22:9: Pulso la Opcion 3
2020-10-29_22:9: Pulso la Opcion 3
2020-10-29_22:9: Pulso la Opcion 3
2020-10-29_22:9: Pulso la Opcion 3
2020-10-29_22:9: Pulso la Opcion 3
2020-10-29_22:9: Pulso la Opcion 3
2020-10-29_22:9: Pulso la Opcion 3
2020-10-29_22:9: Pulso la Opcion 3
2020-10-29_22:9: Pulso la Opcion 3
2020-10-29_22:9: Pulso la Opcion 3
2020-10-29_22:9: Pulso la Opcion 3
2020-10-29_22:9: Pulso la Opcion 3
2020-10-29_22:9: Pulso la Opcion 3
2020-10-29_22:9: Pulso la Opcion 3
2020-10-29_22:9: Pulso la Opcion 3
2020-10-29_22:9: Pulso la Opcion 3
2020-10-29_22:9: Pulso la Opcion 3
2020-10-29_22:9: Pulso la Opcion 3
2020-10-29_22:9: Pulso la Opcion 3
2020-10-29_22:9: Pulso la Opcion 3
2020-10-29_22:9: Pulso la Opcion 3
2020-10-29_22:9: Pulso la Opcion 3
2020-10-29_22:9: Pulso la Opcion 3
2020-10-29_22:9: Pulso la Opcion 3
2020-10-29_22:9: Pulso la Opcion 3
2020-10-29_22:9: Pulso la Opcion 3
2020-10-29_22:9: Pulso la Opcion 3
2020-10-29_22:9: Pulso la Opcion 3
2020-10-29_22:9: Pulso la Opcion 3
2020-10-29_22:9: Pulso la Opcion 3
2020-10-29_22:9: Pulso la Opcion 3
2020-10-29_22:9: Pulso la Opcion 3
2020-10-29_22:9: Pulso la Opcion 3
2020-10-29_22:9: Pulso la Opcion 3
2020-10-29_22:9: Pulso la Opcion 3
2020-10-29_22:9: Pulso la Opcion 3
2020-10-29_22:9: Pulso la Opcion 3
2020-10-29_22:9: Pulso la Opcion 3
2020-10-29_22:9: Pulso la Opcion 3
2020-10-29_22:9: Pulso la Opcion 3
2020-10-29_22:9: Pulso la Opcion 3
2020-10-29_22:9: Pulso la Opcion 3
2020-10-29_22:9: Pulso la Opcion 3
2020-10-29_22:9: Pulso la Opcion 3
2020-10-29_22:9: Pulso la Opcion 3
2020-10-29_22:9: Pulso la Opcion 3
2020-10-29_22:9: Pulso la Opcion 3
2020-10-29_22:9: Pulso la Opcion 3
2020-10-29_22:9: Pulso la Opcion 3
2020-10-29_22:9: Pulso la Opcion 3
2020-10-29_22:9: Pulso la Opcion 3
2020-10-29_22:9: Pulso la Opcion 3
2020-10-29_22:9: Pulso la Opcion 3
2020-10-29_22:9: Pulso la Opcion 3
2020-10-29_22:9: Pulso la Opcion 3
2020-10-29_22:9: Pulso la Opcion 3
2020-10-29_22:9: Pulso la Opcion 3
2020-10-29_22:9: Pulso la Opcion 3
2020-10-29_22:9: Pulso la Opcion 3
2020-10-29_22:9: Pulso la Opcion 3
2020-10-29_22:9: Pulso la Opcion 3
2020-10-29_22:9: Pulso la Opcion 3
2020-10-29_22:9: Pulso la Opcion 3
2020-10-29_22:9: Pulso la Opcion 3
2020-10-29_22:9: Pulso la Opcion 3
2020-10-29_22:9: Pulso la Opcion 3
2020-10-29_22:9: Pulso la Opcion 3
2020-10-29_22:9: Pulso la Opcion 3
2020-10-29_22:9: Pulso la Opcion 3
2020-10-29_22:9: Pulso la Opcion 3
2020-10-29_22:9: Pulso la Opcion 3
2020-10-29_22:9: Pulso la Opcion 3
2020-10-29_22:9: Pulso la Opcion 3
2020-10-29_22:9: Pulso la Opcion 3
2020-10-29_22:9: Pulso la Opcion 3
2020-10-29_22:9: Pulso la Opcion 3
2020-10-29_22:9: Pulso la Opcion 3
2020-10-29_22:9: Pulso la Opcion 3
2020-10-29_22:9: Pulso la Opcion 3
2020-10-29_22:9: Pulso la Opcion 3
2020-10-29_22:9: Pulso la Opcion 3
2020-10-29_22:9: Pulso la Opcion 3
2020-10-29_22:9: Pulso la Opcion 3
2020-10-29_22:9: Pulso la Opcion 3
2020-10-29_22:9: Pulso la Opcion 3
2020-10-29_22:9: Pulso la Opcion 3
2020-10-29_22:9: Pulso la Opcion 3
2020-10-29_22:9: Pulso la Opcion 3
2020-10-29_22:9: Pulso la Opcion 3
2020-10-29_22:9: Pulso la Opcion 3
2020-10-29_22:9: Pulso la Opcion 3
2020-10-29_22:9: Pulso la Opcion 3
2020-10-29_22:9: Pulso la Opcion 3
2020-10-29_22:9: Pulso la Opcion 3
2020-10-29_22:9: Pulso la Opcion 3
2020-10-29_22:9: Pulso la Opcion 3
2020-10-29_22:9: Pulso la Opcion 3
2020-10-29_22:9: Pulso la Opcion 3
2020-10-29_22:9: Pulso la Opcion 3
2020-10-29_22:9: Pulso la Opcion 3
2020-10-29_22:9: Pulso la Opcion 3
2020-10-29_22:9: Pulso la Opcion 3
2020-10-29_22:9: Pulso la Opcion 3
2020-10-29_22:9: Pulso la Opcion 3
2020-10-29_22:9: Pulso la Opcion 3
2020-10-29_22:9: Pulso la Opcion 3
2020-10-29_22:9: Pulso la Opcion 3
2020-10-29_22:9: Pulso la Opcion 3
2020-10-29_22:9: Pulso la Opcion 3
2020-10-29_22:9: Pulso la Opcion 3
2020-10-29_22:9: Pulso la Opcion 3
2020-10-29_22:9: Pulso la Opcion 3
2020-10-29_22:9: Pulso la Opcion 3
2020-10-29_22:9: Pulso la Opcion 3
2020-10-29_22:9: Pulso la Opcion 3
2020-10-29_22:9: Pulso la Opcion 3
2020-10-29_22:9: Pulso la Opcion 3
2020-10-29_22:9: Pulso la Opcion 3
2020-10-29_22:9: Pulso la Opcion 3
2020-10-29_22:9: Pulso la Opcion 3
2020-10-29_22:9: Pulso la Opcion 3
2020-10-29_22:9: Pulso la Opcion 3
2020-10-29_22:9: Pulso la Opcion 3
2020-10-29_22:9: Pulso la Opcion 3
2020-10-29_22:9: Pulso la Opcion 3
2020-10-29_22:9: Pulso la Opcion 3
2020-10-29_22:9: Pulso la Opcion 3
2020-10-29_22:9: Pulso la Opcion 3
2020-10-29_22:9: Pulso la Opcion 3
2020-10-29_22:9: Pulso la Opcion 3
2020-10-29_22:9: Pulso la Opcion 3
2020-10-29_22:9: Pulso la Opcion 3
2020-10-29_22:9: Pulso la Opcion 3
2020-10-29_22:9: Pulso la Opcion 3
2020-10-29_22:9: Pulso la Opcion 3
2020-10-29_22:9: Pulso la Opcion 3
2020-10-29_22:9: Pulso la Opcion 3
2020-10-29_22:9: Pulso la Opcion 3
2020-10-29_22:9: Pulso la Opcion 3
2020-10-29_22:9: Pulso la Opcion 3
2020-10-29_22:9: Pulso la Opcion 3
2020-10-29_22:9: Pulso la Opcion 3
2020-10-29_22:9: Pulso la Opcion 3
2020-10-29_22:9: Pulso la Opcion 3
2020-10-29_22:9: Pulso la Opcion 3
2020-10-29_22:9: Pulso la Opcion 3
2020-10-29_22:9: Pulso la Opcion 3
2020-10-29_22:9: Pulso la Opcion 3
2020-10-29_22:9: Pulso la Opcion 3
2020-10-29_22:9: Pulso la Opcion 3
2020-10-29_22:9: Pulso la Opcion 3
2020-10-29_22:9: Pulso la Opcion 3
2020-10-29_22:9: Pulso la Opcion 3
2020-10-29_22:9: Pulso la Opcion 3
2020-10-29_22:9: Pulso la Opcion 3
2020-10-29_22:9: Pulso la Opcion 3
2020-10-29_22:9: Pulso la Opcion 3
2020-10-29_22:9: Pulso la Opcion 3
2020-10-29_22:9: Pulso la Opcion 3
2020-10-29_22:9: Pulso la Opcion 3
2020-10-29_22:9: Pulso la Opcion 3
2020-10-29_22:9: Pulso la Opcion 3
2020-10-29_22:9: Pulso la Opcion 3
2020-10-29_22:9: Pulso la Opcion 3
2020-10-29_22:9: Pulso la Opcion 3
2020-10-29_22:9: Pulso la Opcion 3
2020-10-29_22:9: Pulso la Opcion 3
2020-10-29_22:9: Pulso la Opcion 3
2020-10-29_22:9: Pulso la Opcion 3
2020-10-29_22:9: Pulso la Opcion 3
2020-10-29_22:9: Pulso la Opcion 3
2020-10-29_22:9: Pulso la Opcion 3
2020-10-29_22:9: Pulso la Opcion 3
2020-10-29_22:9: Pulso la Opcion 3
2020-10-29_22:9: Pulso la Opcion 3
2020-10-29_22:9: Pulso la Opcion 3
2020-10-29_22:9: Pulso la Opcion 3
2020-10-29_22:9: Pulso la Opcion 3
2020-10-29_22:9: Pulso la Opcion 3
2020-10-29_22:9: Pulso la Opcion 3
2020-10-29_22:9: Pulso la Opcion 3
2020-10-29_22:9: Pulso la Opcion 3
2020-10-29_22:9: Pulso la Opcion 3
2020-10-29_22:9: Pulso la Opcion 3
2020-10-29_22:9: Pulso la Opcion 3
2020-10-29_22:9: Pulso la Opcion 3
2020-10-29_22:9: Pulso la Opcion 3
2020-10-29_22:9: Pulso la Opcion 3
2020-10-29_22:9: Pulso la Opcion 3
2020-10-29_22:9: Pulso la Opcion 3
2020-10-29_22:9: Pulso la Opcion 3
2020-10-29_22:9: Pulso la Opcion 3
2020-10-29_22:9: Pulso la Opcion 3
2020-10-29_22:9: Pulso la Opcion 3
2020-10-29_22:9: Pulso la Opcion 3
2020-10-29_22:9: Pulso la Opcion 3
2020-10-29_22:9: Pulso la Opcion 3
2020-10-29_22:9: Pulso la Opcion 3
2020-10-29_22:9: Pulso la Opcion 3
2020-10-29_22:9: Pulso la Opcion 3
2020-10-29_22:9: Pulso la Opcion 3
2020-10-29_22:9: Pulso la Opcion 3
2020-10-29_22:9: Pulso la Opcion 3
2020-10-29_22:9: Pulso la Opcion 3
2020-10-29_22:9: Pulso la Opcion 3
2020-10-29_22:9: Pulso la Opcion 3
2020-10-29_22:9: Pulso la Opcion 3
2020-10-29_22:9: Pulso la Opcion 3
2020-10-29_22:9: Pulso la Opcion 3
2020-10-29_22:9: Pulso la Opcion 3
2020-10-29_22:9: Pulso la Opcion 3
2020-10-29_22:9: Pulso la Opcion 3
2020-10-29_22:9: Pulso la Opcion 3
2020-10-29_22:9: Pulso la Opcion 3
2020-10-29_22:9: Pulso la Opcion 3
2020-10-29_22:9: Pulso la Opcion 3
2020-10-29_22:9: Pulso la Opcion 3
2020-10-29_22:9: Pulso la Opcion 3
2020-10-29_22:9: Pulso la Opcion 3
2020-10-29_22:9: Pulso la Opcion 3
2020-10-29_22:9: Pulso la Opcion 3
2020-10-29_22:9: Pulso la Opcion 3
2020-10-29_22:9: Pulso la Opcion 3
2020-10-29_22:9: Pulso la Opcion 3
2020-10-29_22:9: Pulso la Opcion 3
2020-10-29_22:9: Pulso la Opcion 3
2020-10-29_22:9: Pulso la Opcion 3
2020-10-29_22:9: Pulso la Opcion 3
2020-10-29_22:9: Pulso la Opcion 3
2020-10-29_22:9: Pulso la Opcion 3
2020-10-29_22:9: Pulso la Opcion 3
2020-10-29_22:9: Pulso la Opcion 3
2020-10-29_22:9: Pulso la Opcion 3
2020-10-29_22:9: Pulso la Opcion 3
2020-10-29_22:9: Pulso la Opcion 3
2020-10-29_22:9: Pulso la Opcion 3
2020-10-29_22:9: Pulso la Opcion 3
2020-10-29_22:9: Pulso la Opcion 3
2020-10-29_22:9: Pulso la Opcion 3
2020-10-29_22:9: Pulso la Opcion 3
2020-10-29_22:9: Pulso la Opcion 3
2020-10-29_22:9: Pulso la Opcion 3
2020-10-29_22:9: Pulso la Opcion 3
2020-10-29_22:9: Pulso la Opcion 3
2020-10-29_22:9: Pulso la Opcion 3
2020-10-29_22:9: Pulso la Opcion 3
2020-10-29_22:9: Pulso la Opcion 3
2020-10-29_22:9: Pulso la Opcion 3
2020-10-29_22:9: Pulso la Opcion 3
2020-10-29_22:9: Pulso la Opcion 3
2020-10-29_22:9: Pulso la Opcion 3
2020-10-29_22:9: Pulso la Opcion 3
2020-10-29_22:9: Pulso la Opcion 3
2020-10-29_22:9: Pulso la Opcion 3
2020-10-29_22:9: Pulso la Opcion 3
2020-10-29_22:9: Pulso la Opcion 3
2020-10-29_22:9: Pulso la Opcion 3
2020-10-29_22:9: Pulso la Opcion 3
2020-10-29_22:9: Pulso la Opcion 3
2020-10-29_22:9: Pulso la Opcion 3
2020-10-29_22:9: Pulso la Opcion 3
2020-10-29_22:9: Pulso la Opcion 3
2020-10-29_22:9: Pulso la Opcion 3
2020-10-29_22:9: Pulso la Opcion 3
2020-10-29_22:9: Pulso la Opcion 3
2020-10-29_22:9: Pulso la Opcion 3
2020-10-29_22:9: Pulso la Opcion 3
2020-10-29_22:9: Pulso la Opcion 3
2020-10-29_22:9: Pulso la Opcion 3
2020-10-29_22:9: Pulso la Opcion 3
2020-10-29_22:9: Pulso la Opcion 3
2020-10-29_22:9: Pulso la Opcion 3
2020-10-29_22:9: Pulso la Opcion 3
2020-10-29_22:9: Pulso la Opcion 3
2020-10-29_22:9: Pulso la Opcion 3
2020-10-29_22:9: Pulso la Opcion 3
2020-10-29_22:9: Pulso la Opcion 3
2020-10-29_22:9: Pulso la Opcion 3
2020-10-29_22:9: Pulso la Opcion 3
2020-10-29_22:9: Pulso la Opcion 3
2020-10-29_22:9: Pulso la Opcion 3
2020-10-29_22:9: Pulso la Opcion 3
2020-10-29_22:9: Pulso la Opcion 3
2020-10-29_22:9: Pulso la Opcion 3
2020-10-29_22:9: Pulso la Opcion 3
2020-10-29_22:9: Pulso la Opcion 3
2020-10-29_22:9: Pulso la Opcion 3
2020-10-29_22:9: Pulso la Opcion 3
2020-10-29_22:9: Pulso la Opcion 3
2020-10-29_22:9: Pulso la Opcion 3
2020-10-29_22:9: Pulso la Opcion 3
2020-10-29_22:9: Pulso la Opcion 3
2020-10-29_22:9: Pulso la Opcion 3
2020-10-29_22:9: Pulso la Opcion 3
2020-10-29_22:9: Pulso la Opcion 3
2020-10-29_22:9: Pulso la Opcion 3
2020-10-29_22:9: Pulso la Opcion 3
2020-10-29_22:9: Pulso la Opcion 3
2020-10-29_22:9: Pulso la Opcion 3
2020-10-29_22:9: Pulso la Opcion 3
2020-10-29_22:9: Pulso la Opcion 3
2020-10-29_22:9: Pulso la Opcion 3
2020-10-29_22:9: Pulso la Opcion 3
2020-10-29_22:9: Pulso la Opcion 3
2020-10-29_22:9: Pulso la Opcion 3
2020-10-29_22:9: Pulso la Opcion 3
2020-10-29_22:9: Pulso la Opcion 3
2020-10-29_22:9: Pulso la Opcion 3
2020-10-29_22:9: Pulso la Opcion 3
2020-10-29_22:9: Pulso la Opcion 3
2020-10-29_22:9: Pulso la Opcion 3
2020-10-29_22:9: Pulso la Opcion 3
2020-10-29_22:9: Pulso la Opcion 3
2020-10-29_22:9: Pulso la Opcion 3
2020-10-29_22:9: Pulso la Opcion 3
2020-10-29_22:9: Pulso la Opcion 3
2020-10-29_22:9: Pulso la Opcion 3
2020-10-29_22:9: Pulso la Opcion 3
2020-10-29_22:9: Pulso la Opcion 3
2020-10-29_22:9: Pulso la Opcion 3
2020-10-29_22:9: Pulso la Opcion 3
2020-10-29_22:9: Pulso la Opcion 3
2020-10-29_22:9: Pulso la Opcion 3
2020-10-29_22:9: Pulso la Opcion 3
2020-10-29_22:9: Pulso la Opcion 3
2020-10-29_22:9: Pulso la Opcion 3
2020-10-29_22:9: Pulso la Opcion 3
2020-10-29_22:9: Pulso la Opcion 3
2020-10-29_22:9: Pulso la Opcion 3
2020-10-29_22:9: Pulso la Opcion 3
2020-10-29_22:9: Pulso la Opcion 3
2020-10-29_22:9: Pulso la Opcion 3
2020-10-29_22:9: Pulso la Opcion 3
2020-10-29_22:9: Pulso la Opcion 3
2020-10-29_22:9: Pulso la Opcion 3
2020-10-29_22:9: Pulso la Opcion 3
2020-10-29_22:9: Pulso la Opcion 3
2020-10-29_22:9: Pulso la Opcion 3
2020-10-29_22:9: Pulso la Opcion 3
2020-10-29_22:9: Pulso la Opcion 3
2020-10-29_22:9: Pulso la Opcion 3
2020-10-29_22:9: Pulso la Opcion 3
2020-10-29_22:9: Pulso la Opcion 3
2020-10-29_22:9: Pulso la Opcion 3
2020-10-29_22:9: Pulso la Opcion 3
2020-10-29_22:9: Pulso la Opcion 3
2020-10-29_22:9: Pulso la Opcion 3
2020-10-29_22:9: Pulso la Opcion 3
2020-10-29_22:9: Pulso la Opcion 3
2020-10-29_22:9: Pulso la Opcion 3
2020-10-29_22:9: Pulso la Opcion 3
2020-10-29_22:9: Pulso la Opcion 3
2020-10-29_22:9: Pulso la Opcion 3
2020-10-29_22:9: Pulso la Opcion 3
2020-10-29_22:9: Pulso la Opcion 3
2020-10-29_22:9: Pulso la Opcion 3
2020-10-29_22:9: Pulso la Opcion 3
2020-10-29_22:9: Pulso la Opcion 3
2020-10-29_22:9: Pulso la Opcion 3
2020-10-29_22:9: Pulso la Opcion 3
2020-10-29_22:9: Pulso la Opcion 3
2020-10-29_22:9: Pulso la Opcion 3
2020-10-29_22:9: Pulso la Opcion 3
2020-10-29_22:9: Pulso la Opcion 3
2020-10-29_22:9: Pulso la Opcion 3
2020-10-29_22:9: Pulso la Opcion 3
2020-10-29_22:9: Pulso la Opcion 3
2020-10-29_22:9: Pulso la Opcion 3
2020-10-29_22:9: Pulso la Opcion 3
2020-10-29_22:9: Pulso la Opcion 3
2020-10-29_22:9: Pulso la Opcion 3
2020-10-29_22:9: Pulso la Opcion 3
2020-10-29_22:9: Pulso la Opcion 3
2020-10-29_22:9: Pulso la Opcion 3
2020-10-29_22:9: Pulso la Opcion 3
2020-10-29_22:9: Pulso la Opcion 3
2020-10-29_22:9: Pulso la Opcion 3
2020-10-29_22:9: Pulso la Opcion 3
2020-10-29_22:9: Pulso la Opcion 3
2020-10-29_22:9: Pulso la Opcion 3
2020-10-29_22:9: Pulso la Opcion 3
2020-10-29_22:9: Pulso la Opcion 3
2020-10-29_22:9: Pulso la Opcion 3
2020-10-29_22:9: Pulso la Opcion 3
2020-10-29_22:9: Pulso la Opcion 3
2020-10-29_22:9: Pulso la Opcion 3
2020-10-29_22:9: Pulso la Opcion 3
2020-10-29_22:9: Pulso la Opcion 3
2020-10-29_22:9: Pulso la Opcion 3
2020-10-29_22:9: Pulso la Opcion 3
2020-10-29_22:9: Pulso la Opcion 3
2020-10-29_22:9: Pulso la Opcion 3
2020-10-29_22:9: Pulso la Opcion 3
2020-10-29_22:9: Pulso la Opcion 3
2020-10-29_22:9: Pulso la Opcion 3
2020-10-29_22:9: Pulso la Opcion 3
2020-10-29_22:9: Pulso la Opcion 3
2020-10-29_22:9: Pulso la Opcion 3
2020-10-29_22:9: Pulso la Opcion 3
2020-10-29_22:9: Pulso la Opcion 3
2020-10-29_22:9: Pulso la Opcion 3
2020-10-29_22:9: Pulso la Opcion 3
2020-10-29_22:9: Pulso la Opcion 3
2020-10-29_22:9: Pulso la Opcion 3
2020-10-29_22:9: Pulso la Opcion 3
2020-10-29_22:9: Pulso la Opcion 3
2020-10-29_22:9: Pulso la Opcion 3
2020-10-29_22:9: Pulso la Opcion 3
2020-10-29_22:9: Pulso la Opcion 3
2020-10-29_22:9: Pulso la Opcion 3
2020-10-29_22:9: Pulso la Opcion 3
2020-10-29_22:9: Pulso la Opcion 3
2020-10-29_22:9: Pulso la Opcion 3
2020-10-29_22:9: Pulso la Opcion 3
2020-10-29_22:9: Pulso la Opcion 3
2020-10-29_22:9: Pulso la Opcion 3
2020-10-29_22:9: Pulso la Opcion 3
2020-10-29_22:9: Pulso la Opcion 3
2020-10-29_22:9: Pulso la Opcion 3
2020-10-29_22:9: Pulso la Opcion 3
2020-10-29_22:9: Pulso la Opcion 3
2020-10-29_22:17: ==================
2020-10-29_22:17: INICIO SESION
2020-10-29_22:17: ==================
2020-10-29_23:17: ==================
2020-10-29_23:17: INICIO SESION
2020-10-29_23:17: ==================
2020-10-29_23:30: ==================
2020-10-29_23:30: INICIO SESION
2020-10-29_23:30: ==================
2020-10-29_23:40: ==================
2020-10-29_23:40: INICIO SESION
2020-10-29_23:40: ==================
2020-10-29_23:40: ==================
2020-10-29_23:40: INICIO SESION
2020-10-29_23:40: ==================
2020-10-29_23:40: ==================
2020-10-29_23:40: INICIO SESION
2020-10-29_23:40: ==================
2020-10-29_23:42: ==================
2020-10-29_23:42: INICIO SESION
2020-10-29_23:42: ==================
2020-10-29_23:43: ==================
2020-10-29_23:43: INICIO SESION
2020-10-29_23:43: ==================
2020-10-29_23:45: ==================
2020-10-29_23:45: INICIO SESION
2020-10-29_23:45: ==================
2020-10-29_23:50: ==================
2020-10-29_23:50: INICIO SESION
2020-10-29_23:50: ==================
2020-10-29_23:50: ==================
2020-10-29_23:50: INICIO SESION
2020-10-29_23:50: ==================
2020-10-29_23:50: ==================
2020-10-29_23:50: INICIO SESION
2020-10-29_23:50: ==================
2020-10-29_23:52: ==================
2020-10-29_23:52: INICIO SESION
2020-10-29_23:52: ==================
2020-10-29_23:53: ==================
2020-10-29_23:53: INICIO SESION
2020-10-29_23:53: ==================
2020-10-29_23:58: ==================
2020-10-29_23:58: INICIO SESION
2020-10-29_23:58: ==================
2020-10-29_23:58: ==================
2020-10-29_23:58: INICIO SESION
2020-10-29_23:58: ==================
2020-10-30_0:0: ==================
2020-10-30_0:0: INICIO SESION
2020-10-30_0:0: ==================
2020-10-30_0:1: ==================
2020-10-30_0:1: INICIO SESION
2020-10-30_0:1: ==================
2020-10-30_0:2: ==================
2020-10-30_0:2: INICIO SESION
2020-10-30_0:2: ==================
2020-10-30_0:3: ==================
2020-10-30_0:3: INICIO SESION
2020-10-30_0:3: ==================
2020-10-30_11:29: ==================
2020-10-30_11:29: INICIO SESION
2020-10-30_11:29: ==================
2020-10-30_11:29: ==================
2020-10-30_11:29: INICIO SESION
2020-10-30_11:29: ==================
2020-10-30_11:33: ==================
2020-10-30_11:33: INICIO SESION
2020-10-30_11:33: ==================
2020-10-30_11:47: ==================
2020-10-30_11:47: INICIO SESION
2020-10-30_11:47: ==================
2020-10-30_11:52: ==================
2020-10-30_11:52: INICIO SESION
2020-10-30_11:52: ==================
2020-10-30_11:53: ==================
2020-10-30_11:53: INICIO SESION
2020-10-30_11:53: ==================
2020-10-30_11:56: ==================
2020-10-30_11:56: INICIO SESION
2020-10-30_11:56: ==================
2020-10-30_11:57: ==================
2020-10-30_11:57: INICIO SESION
2020-10-30_11:57: ==================
2020-10-30_11:57: ==================
2020-10-30_11:57: INICIO SESION
2020-10-30_11:57: ==================
2020-10-30_11:58: ==================
2020-10-30_11:58: INICIO SESION
2020-10-30_11:58: ==================
2020-10-30_11:59: ==================
2020-10-30_11:59: INICIO SESION
2020-10-30_11:59: ==================
2020-10-30_12:0: ==================
2020-10-30_12:0: INICIO SESION
2020-10-30_12:0: ==================
2020-10-30_12:2: ==================
2020-10-30_12:2: INICIO SESION
2020-10-30_12:2: ==================
2020-10-30_12:3: ==================
2020-10-30_12:3: INICIO SESION
2020-10-30_12:3: ==================
2020-10-30_12:4: ==================
2020-10-30_12:4: INICIO SESION
2020-10-30_12:4: ==================
2020-10-30_12:5: ==================
2020-10-30_12:5: INICIO SESION
2020-10-30_12:5: ==================
2020-10-30_12:13: ==================
2020-10-30_12:13: INICIO SESION
2020-10-30_12:13: ==================
2020-10-30_12:17: ==================
2020-10-30_12:17: INICIO SESION
2020-10-30_12:17: ==================
2020-10-30_12:18: ==================
2020-10-30_12:18: INICIO SESION
2020-10-30_12:18: ==================
2020-10-30_12:19: ==================
2020-10-30_12:19: INICIO SESION
2020-10-30_12:19: ==================
2020-10-30_13:5: ==================
2020-10-30_13:5: INICIO SESION
2020-10-30_13:5: ==================
2020-10-30_13:15: ==================
2020-10-30_13:15: INICIO SESION
2020-10-30_13:15: ==================
2020-10-30_13:16: ==================
2020-10-30_13:16: INICIO SESION
2020-10-30_13:16: ==================
2020-10-30_13:17: ==================
2020-10-30_13:17: INICIO SESION
2020-10-30_13:17: ==================
2020-10-30_13:19: ==================
2020-10-30_13:19: INICIO SESION
2020-10-30_13:19: ==================
2020-10-30_13:20: ==================
2020-10-30_13:20: INICIO SESION
2020-10-30_13:20: ==================
2020-10-30_13:21: ==================
2020-10-30_13:21: INICIO SESION
2020-10-30_13:21: ==================
2020-10-30_13:26: ==================
2020-10-30_13:26: INICIO SESION
2020-10-30_13:26: ==================
2020-10-30_13:27: ==================
2020-10-30_13:27: INICIO SESION
2020-10-30_13:27: ==================
2020-10-30_22:42: ==================
2020-10-30_22:42: INICIO SESION
2020-10-30_22:42: ==================
2020-10-30_22:44: ==================
2020-10-30_22:44: INICIO SESION
2020-10-30_22:44: ==================
2020-10-30_22:47: ==================
2020-10-30_22:47: INICIO SESION
2020-10-30_22:47: ==================
2020-10-30_22:48: ==================
2020-10-30_22:48: INICIO SESION
2020-10-30_22:48: ==================
2020-10-30_22:49: ==================
2020-10-30_22:49: INICIO SESION
2020-10-30_22:49: ==================
2020-10-30_23:15: ==================
2020-10-30_23:15: INICIO SESION
2020-10-30_23:15: ==================
2020-10-30_23:18: ==================
2020-10-30_23:18: INICIO SESION
2020-10-30_23:18: ==================
2020-10-30_23:21: ==================
2020-10-30_23:21: INICIO SESION
2020-10-30_23:21: ==================
2020-10-30_23:22: ==================
2020-10-30_23:22: INICIO SESION
2020-10-30_23:22: ==================
2020-10-30_23:26: ==================
2020-10-30_23:26: INICIO SESION
2020-10-30_23:26: ==================
2020-10-30_23:30: ==================
2020-10-30_23:30: INICIO SESION
2020-10-30_23:30: ==================
2020-10-30_23:48: ==================
2020-10-30_23:48: INICIO SESION
2020-10-30_23:48: ==================
2020-10-30_23:48: Pulso la Opcion 3
2020-10-30_23:52: ==================
2020-10-30_23:52: INICIO SESION
2020-10-30_23:52: ==================
2020-11-5_21:57: ==================
2020-11-5_21:57: INICIO SESION
2020-11-5_21:57: ==================
2020-11-5_21:57: Pulso la Opcion 3
2020-11-5_21:57: Cierra Sesion
2020-11-5_22:21: ==================
2020-11-5_22:21: INICIO SESION
2020-11-5_22:21: ==================
2020-11-5_22:45: ==================
2020-11-5_22:45: INICIO SESION
2020-11-5_22:45: ==================
2020-11-5_22:51: ==================
2020-11-5_22:51: INICIO SESION
2020-11-5_22:51: ==================
2020-11-5_22:52: ==================
2020-11-5_22:52: INICIO SESION
2020-11-5_22:52: ==================
2020-11-5_22:55: ==================
2020-11-5_22:55: INICIO SESION
2020-11-5_22:55: ==================
2020-11-5_22:56: ==================
2020-11-5_22:56: INICIO SESION
2020-11-5_22:56: ==================
2020-11-5_23:7: ==================
2020-11-5_23:7: INICIO SESION
2020-11-5_23:7: ==================
2020-11-5_23:7: ==================
2020-11-5_23:7: INICIO SESION
2020-11-5_23:7: ==================
2020-11-5_23:8: ==================
2020-11-5_23:8: INICIO SESION
2020-11-5_23:8: ==================
2020-11-5_23:11: ==================
2020-11-5_23:11: INICIO SESION
2020-11-5_23:11: ==================
2020-11-5_23:12: ==================
2020-11-5_23:12: INICIO SESION
2020-11-5_23:12: ==================
2020-11-5_23:13: ==================
2020-11-5_23:13: INICIO SESION
2020-11-5_23:13: ==================
2020-11-5_23:18: ==================
2020-11-5_23:18: INICIO SESION
2020-11-5_23:18: ==================
2020-11-5_23:18: ==================
2020-11-5_23:18: INICIO SESION
2020-11-5_23:18: ==================
2020-11-5_23:19: ==================
2020-11-5_23:19: INICIO SESION
2020-11-5_23:19: ==================
2020-11-5_23:21: ==================
2020-11-5_23:21: INICIO SESION
2020-11-5_23:21: ==================
2020-11-5_23:21: ==================
2020-11-5_23:21: INICIO SESION
2020-11-5_23:21: ==================
2020-11-5_23:23: ==================
2020-11-5_23:23: INICIO SESION
2020-11-5_23:23: ==================
2020-11-5_23:24: ==================
2020-11-5_23:24: INICIO SESION
2020-11-5_23:24: ==================
2020-11-5_23:25: ==================
2020-11-5_23:25: INICIO SESION
2020-11-5_23:25: ==================
2020-11-9_21:31: ==================
2020-11-9_21:31: INICIO SESION
2020-11-9_21:31: ==================
2020-11-9_21:34: ==================
2020-11-9_21:34: INICIO SESION
2020-11-9_21:34: ==================
2020-11-9_21:34: Pulso la Opcion 3
2020-11-9_21:35: ==================
2020-11-9_21:35: INICIO SESION
2020-11-9_21:35: ==================
2020-11-9_21:36: ==================
2020-11-9_21:36: INICIO SESION
2020-11-9_21:36: ==================
2020-11-9_21:38: ==================
2020-11-9_21:38: INICIO SESION
2020-11-9_21:38: ==================
2020-11-9_21:40: ==================
2020-11-9_21:40: INICIO SESION
2020-11-9_21:40: ==================
2020-11-9_21:40: ==================
2020-11-9_21:40: INICIO SESION
2020-11-9_21:40: ==================
2020-11-9_21:57: ==================
2020-11-9_21:57: INICIO SESION
2020-11-9_21:57: ==================
2020-11-9_21:57: ==================
2020-11-9_21:57: INICIO SESION
2020-11-9_21:57: ==================
2020-11-9_21:58: ==================
2020-11-9_21:58: INICIO SESION
2020-11-9_21:58: ==================
2020-11-9_21:58: ==================
2020-11-9_21:58: INICIO SESION
2020-11-9_21:58: ==================
2020-11-9_21:59: ==================
2020-11-9_21:59: INICIO SESION
2020-11-9_21:59: ==================
2020-11-9_22:1: ==================
2020-11-9_22:1: INICIO SESION
2020-11-9_22:1: ==================
2020-11-9_22:2: ==================
2020-11-9_22:2: INICIO SESION
2020-11-9_22:2: ==================
2020-11-9_22:5: ==================
2020-11-9_22:5: INICIO SESION
2020-11-9_22:5: ==================
2020-11-9_22:15: ==================
2020-11-9_22:15: INICIO SESION
2020-11-9_22:15: ==================
2020-11-9_22:15: ==================
2020-11-9_22:15: INICIO SESION
2020-11-9_22:15: ==================
2020-11-9_22:24: ==================
2020-11-9_22:24: INICIO SESION
2020-11-9_22:24: ==================
2020-11-9_22:32: ==================
2020-11-9_22:32: INICIO SESION
2020-11-9_22:32: ==================
2020-11-9_22:35: ==================
2020-11-9_22:35: INICIO SESION
2020-11-9_22:35: ==================
2020-11-9_22:35: ==================
2020-11-9_22:35: INICIO SESION
2020-11-9_22:35: ==================
2020-11-9_22:36: ==================
2020-11-9_22:36: INICIO SESION
2020-11-9_22:36: ==================
2020-11-9_22:45: ==================
2020-11-9_22:45: INICIO SESION
2020-11-9_22:45: ==================
2020-11-9_22:46: ==================
2020-11-9_22:46: INICIO SESION
2020-11-9_22:46: ==================
2020-11-9_22:49: ==================
2020-11-9_22:49: INICIO SESION
2020-11-9_22:49: ==================
2020-11-9_22:52: ==================
2020-11-9_22:52: INICIO SESION
2020-11-9_22:52: ==================
2020-11-9_22:55: ==================
2020-11-9_22:55: INICIO SESION
2020-11-9_22:55: ==================
2020-11-9_22:57: ==================
2020-11-9_22:57: INICIO SESION
2020-11-9_22:57: ==================
2020-11-9_23:2: ==================
2020-11-9_23:2: INICIO SESION
2020-11-9_23:2: ==================
2020-11-10_14:17: ==================
2020-11-10_14:17: INICIO SESION
2020-11-10_14:17: ==================
2020-11-10_14:22: ==================
2020-11-10_14:22: INICIO SESION
2020-11-10_14:22: ==================
2020-11-10_14:22: Cierra Sesion
2020-11-10_14:24: ==================
2020-11-10_14:24: INICIO SESION
2020-11-10_14:24: ==================
2020-11-10_14:27: ==================
2020-11-10_14:27: INICIO SESION
2020-11-10_14:27: ==================
2020-11-10_14:28: ==================
2020-11-10_14:28: INICIO SESION
2020-11-10_14:28: ==================
2020-11-10_14:31: ==================
2020-11-10_14:31: INICIO SESION
2020-11-10_14:31: ==================
2020-11-10_14:32: ==================
2020-11-10_14:32: INICIO SESION
2020-11-10_14:32: ==================
2020-11-10_14:32: ==================
2020-11-10_14:32: INICIO SESION
2020-11-10_14:32: ==================
2020-11-10_14:36: ==================
2020-11-10_14:36: INICIO SESION
2020-11-10_14:36: ==================
2020-11-10_14:38: ==================
2020-11-10_14:38: INICIO SESION
2020-11-10_14:38: ==================
2020-11-10_14:40: ==================
2020-11-10_14:40: INICIO SESION
2020-11-10_14:40: ==================
2020-11-10_14:41: ==================
2020-11-10_14:41: INICIO SESION
2020-11-10_14:41: ==================
2020-11-10_14:43: ==================
2020-11-10_14:43: INICIO SESION
2020-11-10_14:43: ==================
2020-11-10_14:44: ==================
2020-11-10_14:44: INICIO SESION
2020-11-10_14:44: ==================
2020-11-10_14:44: ==================
2020-11-10_14:44: INICIO SESION
2020-11-10_14:44: ==================
2020-11-10_14:44: Cierra Sesion
2020-11-10_14:44: ==================
2020-11-10_14:44: INICIO SESION
2020-11-10_14:44: ==================
2020-11-10_14:47: ==================
2020-11-10_14:47: INICIO SESION
2020-11-10_14:47: ==================
2020-11-10_14:49: ==================
2020-11-10_14:49: INICIO SESION
2020-11-10_14:49: ==================
2020-11-10_14:50: ==================
2020-11-10_14:50: INICIO SESION
2020-11-10_14:50: ==================
2020-11-10_14:51: ==================
2020-11-10_14:51: INICIO SESION
2020-11-10_14:51: ==================
2020-11-10_14:58: ==================
2020-11-10_14:58: INICIO SESION
2020-11-10_14:58: ==================
2020-11-10_14:58: Cierra Sesion
2020-11-10_15:8: ==================
2020-11-10_15:8: INICIO SESION
2020-11-10_15:8: ==================
2020-11-11_15:50: ==================
2020-11-11_15:50: INICIO SESION
2020-11-11_15:50: ==================
2020-11-11_15:51: Cierra Sesion
2020-11-11_16:10: ==================
2020-11-11_16:10: INICIO SESION
2020-11-11_16:10: ==================
2020-11-11_16:11: Cierra Sesion
2020-11-11_17:23: ==================
2020-11-11_17:23: INICIO SESION
2020-11-11_17:23: ==================
2020-11-11_17:40: ==================
2020-11-11_17:40: INICIO SESION
2020-11-11_17:40: ==================
2020-11-11_17:40: Cierra Sesion
2020-11-11_21:46: ==================
2020-11-11_21:46: INICIO SESION
2020-11-11_21:46: ==================
2020-11-11_21:46: Cierra Sesion
2020-11-11_21:49: ==================
2020-11-11_21:49: INICIO SESION
2020-11-11_21:49: ==================
2020-11-11_21:49: Cierra Sesion
2020-11-11_21:50: ==================
2020-11-11_21:50: INICIO SESION
2020-11-11_21:50: ==================
2020-11-11_21:50: Cierra Sesion
2020-11-11_21:51: ==================
2020-11-11_21:51: INICIO SESION
2020-11-11_21:51: ==================
2020-11-11_22:7: ==================
2020-11-11_22:7: INICIO SESION
2020-11-11_22:7: ==================
2020-11-11_22:8: ==================
2020-11-11_22:8: INICIO SESION
2020-11-11_22:8: ==================
2020-11-11_22:9: ==================
2020-11-11_22:9: INICIO SESION
2020-11-11_22:9: ==================
2020-11-11_22:10: ==================
2020-11-11_22:10: INICIO SESION
2020-11-11_22:10: ==================
2020-11-11_22:11: ==================
2020-11-11_22:11: INICIO SESION
2020-11-11_22:11: ==================
2020-11-11_22:11: ==================
2020-11-11_22:11: INICIO SESION
2020-11-11_22:11: ==================
2020-11-11_22:13: ==================
2020-11-11_22:13: INICIO SESION
2020-11-11_22:13: ==================
2020-11-11_22:35: ==================
2020-11-11_22:35: INICIO SESION
2020-11-11_22:35: ==================
2020-11-11_22:36: ==================
2020-11-11_22:36: INICIO SESION
2020-11-11_22:36: ==================
2020-11-11_22:37: Cierra Sesion
2020-11-11_22:37: ==================
2020-11-11_22:37: INICIO SESION
2020-11-11_22:37: ==================
2020-11-11_22:37: Cierra Sesion
2020-11-11_22:41: ==================
2020-11-11_22:41: INICIO SESION
2020-11-11_22:41: ==================
2020-11-11_22:42: ==================
2020-11-11_22:42: INICIO SESION
2020-11-11_22:42: ==================
2020-11-11_22:45: ==================
2020-11-11_22:45: INICIO SESION
2020-11-11_22:45: ==================
2020-11-11_22:46: ==================
2020-11-11_22:46: INICIO SESION
2020-11-11_22:46: ==================
2020-11-11_22:55: ==================
2020-11-11_22:55: INICIO SESION
2020-11-11_22:55: ==================
2020-11-11_23:2: ==================
2020-11-11_23:2: INICIO SESION
2020-11-11_23:2: ==================
2020-11-11_23:4: ==================
2020-11-11_23:4: INICIO SESION
2020-11-11_23:4: ==================
2020-11-11_23:5: ==================
2020-11-11_23:5: INICIO SESION
2020-11-11_23:5: ==================
2020-11-11_23:26: ==================
2020-11-11_23:26: INICIO SESION
2020-11-11_23:26: ==================
2020-11-11_23:28: ==================
2020-11-11_23:28: INICIO SESION
2020-11-11_23:28: ==================
2020-11-11_23:29: ==================
2020-11-11_23:29: INICIO SESION
2020-11-11_23:29: ==================
2020-11-11_23:33: ==================
2020-11-11_23:33: INICIO SESION
2020-11-11_23:33: ==================
2020-11-11_23:37: ==================
2020-11-11_23:37: INICIO SESION
2020-11-11_23:37: ==================
2020-11-11_23:39: ==================
2020-11-11_23:39: INICIO SESION
2020-11-11_23:39: ==================
2020-11-11_23:41: ==================
2020-11-11_23:41: INICIO SESION
2020-11-11_23:41: ==================
2020-11-11_23:42: Pulso la Opcion 3
2020-11-11_23:42: ==================
2020-11-11_23:42: INICIO SESION
2020-11-11_23:42: ==================
2020-11-11_23:42: Pulso la Opcion 3
2020-11-11_23:42: ==================
2020-11-11_23:42: INICIO SESION
2020-11-11_23:42: ==================
2020-11-11_23:42: Cierra Sesion
2020-11-11_23:42: ==================
2020-11-11_23:42: INICIO SESION
2020-11-11_23:42: ==================
2020-11-11_23:42: Cierra Sesion
2020-11-11_23:42: ==================
2020-11-11_23:42: INICIO SESION
2020-11-11_23:42: ==================
2020-11-11_23:43: ==================
2020-11-11_23:43: INICIO SESION
2020-11-11_23:43: ==================
2020-11-11_23:43: Pulso la Opcion 3
2020-11-11_23:43: ==================
2020-11-11_23:43: INICIO SESION
2020-11-11_23:43: ==================
2020-11-11_23:43: Cierra Sesion
2020-11-12_15:28: ==================
2020-11-12_15:28: INICIO SESION
2020-11-12_15:28: ==================
2020-11-12_15:28: ==================
2020-11-12_15:28: INICIO SESION
2020-11-12_15:28: ==================
2020-11-12_17:12: ==================
2020-11-12_17:12: INICIO SESION
2020-11-12_17:12: ==================
2020-11-12_17:47: ==================
2020-11-12_17:47: INICIO SESION
2020-11-12_17:47: ==================
2020-11-12_17:48: ==================
2020-11-12_17:48: INICIO SESION
2020-11-12_17:48: ==================
2020-11-12_17:49: Cierra Sesion
2020-11-12_17:50: ==================
2020-11-12_17:50: INICIO SESION
2020-11-12_17:50: ==================
2020-11-12_17:51: ==================
2020-11-12_17:51: INICIO SESION
2020-11-12_17:51: ==================
2020-11-12_17:53: ==================
2020-11-12_17:53: INICIO SESION
2020-11-12_17:53: ==================
2020-11-12_17:54: ==================
2020-11-12_17:54: INICIO SESION
2020-11-12_17:54: ==================
2020-11-12_18:3: ==================
2020-11-12_18:3: INICIO SESION
2020-11-12_18:3: ==================
2020-11-12_18:4: ==================
2020-11-12_18:4: INICIO SESION
2020-11-12_18:4: ==================
2020-11-12_18:7: ==================
2020-11-12_18:7: INICIO SESION
2020-11-12_18:7: ==================
2020-11-12_18:9: ==================
2020-11-12_18:9: INICIO SESION
2020-11-12_18:9: ==================
2020-11-12_18:11: ==================
2020-11-12_18:11: INICIO SESION
2020-11-12_18:11: ==================
2020-11-12_18:13: ==================
2020-11-12_18:13: INICIO SESION
2020-11-12_18:13: ==================
2020-11-12_18:16: ==================
2020-11-12_18:16: INICIO SESION
2020-11-12_18:16: ==================
2020-11-12_18:17: ==================
2020-11-12_18:17: INICIO SESION
2020-11-12_18:17: ==================
2020-11-12_18:18: ==================
2020-11-12_18:18: INICIO SESION
2020-11-12_18:18: ==================
2020-11-12_18:19: ==================
2020-11-12_18:19: INICIO SESION
2020-11-12_18:19: ==================
2020-11-12_18:20: ==================
2020-11-12_18:20: INICIO SESION
2020-11-12_18:20: ==================
2020-11-12_18:22: ==================
2020-11-12_18:22: INICIO SESION
2020-11-12_18:22: ==================
2020-11-12_18:23: ==================
2020-11-12_18:23: INICIO SESION
2020-11-12_18:23: ==================
2020-11-12_18:24: ==================
2020-11-12_18:24: INICIO SESION
2020-11-12_18:24: ==================
2020-11-12_18:24: ==================
2020-11-12_18:24: INICIO SESION
2020-11-12_18:24: ==================
2020-11-12_18:26: ==================
2020-11-12_18:26: INICIO SESION
2020-11-12_18:26: ==================
2020-11-12_18:26: ==================
2020-11-12_18:26: INICIO SESION
2020-11-12_18:26: ==================
2020-11-12_18:27: ==================
2020-11-12_18:27: INICIO SESION
2020-11-12_18:27: ==================
2020-11-12_18:28: ==================
2020-11-12_18:28: INICIO SESION
2020-11-12_18:28: ==================
2020-11-12_18:29: ==================
2020-11-12_18:29: INICIO SESION
2020-11-12_18:29: ==================
2020-11-12_21:41: ==================
2020-11-12_21:41: INICIO SESION
2020-11-12_21:41: ==================
2020-11-12_21:41: ==================
2020-11-12_21:41: INICIO SESION
2020-11-12_21:41: ==================
2020-11-12_21:46: ==================
2020-11-12_21:46: INICIO SESION
2020-11-12_21:46: ==================
2020-11-12_21:47: ==================
2020-11-12_21:47: INICIO SESION
2020-11-12_21:47: ==================
2020-11-12_21:48: ==================
2020-11-12_21:48: INICIO SESION
2020-11-12_21:48: ==================
2020-11-12_22:3: ==================
2020-11-12_22:3: INICIO SESION
2020-11-12_22:3: ==================
2020-11-12_22:4: Cierra Sesion
2020-11-12_22:4: ==================
2020-11-12_22:4: INICIO SESION
2020-11-12_22:4: ==================
2020-11-12_22:4: ==================
2020-11-12_22:4: INICIO SESION
2020-11-12_22:4: ==================
2020-11-12_22:5: ==================
2020-11-12_22:5: INICIO SESION
2020-11-12_22:5: ==================
2020-11-12_22:7: ==================
2020-11-12_22:7: INICIO SESION
2020-11-12_22:7: ==================
2020-11-12_22:8: ==================
2020-11-12_22:8: INICIO SESION
2020-11-12_22:8: ==================
2020-11-12_22:12: ==================
2020-11-12_22:12: INICIO SESION
2020-11-12_22:12: ==================
2020-11-12_22:12: ==================
2020-11-12_22:12: INICIO SESION
2020-11-12_22:12: ==================
2020-11-12_22:30: ==================
2020-11-12_22:30: INICIO SESION
2020-11-12_22:30: ==================
2020-11-12_22:33: ==================
2020-11-12_22:33: INICIO SESION
2020-11-12_22:33: ==================
2020-11-12_22:36: ==================
2020-11-12_22:36: INICIO SESION
2020-11-12_22:36: ==================
2020-11-12_22:37: ==================
2020-11-12_22:37: INICIO SESION
2020-11-12_22:37: ==================
2020-11-12_22:39: ==================
2020-11-12_22:39: INICIO SESION
2020-11-12_22:39: ==================
2020-11-12_22:40: ==================
2020-11-12_22:40: INICIO SESION
2020-11-12_22:40: ==================
2020-11-12_22:40: ==================
2020-11-12_22:40: INICIO SESION
2020-11-12_22:40: ==================
2020-11-12_22:44: ==================
2020-11-12_22:44: INICIO SESION
2020-11-12_22:44: ==================
2020-11-12_22:45: ==================
2020-11-12_22:45: INICIO SESION
2020-11-12_22:45: ==================
2020-11-12_22:56: ==================
2020-11-12_22:56: INICIO SESION
2020-11-12_22:56: ==================
2020-11-12_22:57: ==================
2020-11-12_22:57: INICIO SESION
2020-11-12_22:57: ==================
2020-11-12_23:18: ==================
2020-11-12_23:18: INICIO SESION
2020-11-12_23:18: ==================
2020-11-12_23:18: ==================
2020-11-12_23:18: INICIO SESION
2020-11-12_23:18: ==================
2020-11-12_23:18: ==================
2020-11-12_23:18: INICIO SESION
2020-11-12_23:18: ==================
2020-11-12_23:19: Pulso la Opcion 3
2020-11-12_23:19: ==================
2020-11-12_23:19: INICIO SESION
2020-11-12_23:19: ==================
2020-11-12_23:21: ==================
2020-11-12_23:21: INICIO SESION
2020-11-12_23:21: ==================
2020-11-12_23:22: ==================
2020-11-12_23:22: INICIO SESION
2020-11-12_23:22: ==================
2020-11-12_23:23: ==================
2020-11-12_23:23: INICIO SESION
2020-11-12_23:23: ==================
2020-11-12_23:30: ==================
2020-11-12_23:30: INICIO SESION
2020-11-12_23:30: ==================
2020-11-12_23:31: Cierra Sesion
2020-11-12_23:35: ==================
2020-11-12_23:35: INICIO SESION
2020-11-12_23:35: ==================
2020-11-12_23:37: ==================
2020-11-12_23:37: INICIO SESION
2020-11-12_23:37: ==================
2020-11-12_23:38: Cierra Sesion
2020-11-13_11:38: ==================
2020-11-13_11:38: INICIO SESION
2020-11-13_11:38: ==================
2020-11-13_11:38: ==================
2020-11-13_11:38: INICIO SESION
2020-11-13_11:38: ==================
2020-11-13_11:39: ==================
2020-11-13_11:39: INICIO SESION
2020-11-13_11:39: ==================
2020-11-13_11:39: Cierra Sesion
2020-11-13_11:46: ==================
2020-11-13_11:46: INICIO SESION
2020-11-13_11:46: ==================
2020-11-13_11:47: Pulso la Opcion 3
2020-11-13_11:47: Cierra Sesion
2020-11-13_12:43: ==================
2020-11-13_12:43: INICIO SESION
2020-11-13_12:43: ==================
2020-11-13_13:5: ==================
2020-11-13_13:5: INICIO SESION
2020-11-13_13:5: ==================
2020-11-13_13:6: ==================
2020-11-13_13:6: INICIO SESION
2020-11-13_13:6: ==================
2020-11-13_13:7: ==================
2020-11-13_13:7: INICIO SESION
2020-11-13_13:7: ==================
2020-11-13_13:8: ==================
2020-11-13_13:8: INICIO SESION
2020-11-13_13:8: ==================
2020-11-13_13:9: ==================
2020-11-13_13:9: INICIO SESION
2020-11-13_13:9: ==================
2020-11-13_13:10: ==================
2020-11-13_13:10: INICIO SESION
2020-11-13_13:10: ==================
2020-11-13_13:11: ==================
2020-11-13_13:11: INICIO SESION
2020-11-13_13:11: ==================
2020-11-13_13:17: ==================
2020-11-13_13:17: INICIO SESION
2020-11-13_13:17: ==================
2020-11-13_13:20: ==================
2020-11-13_13:20: INICIO SESION
2020-11-13_13:20: ==================
2020-11-13_13:22: Cierra Sesion
